12:16:28,864 INFO  [org.springframework.extensions.webscripts.TemplateProcessorRegistry] Registered template processor freemarker for extension ftl
12:16:29,086 INFO  [org.springframework.extensions.webscripts.ScriptProcessorRegistry] Registered script processor javascript for extension js
12:16:29,134 INFO  [org.springframework.extensions.webscripts.TemplateProcessorRegistry] Registered template processor freemarker for extension ftl
12:16:29,153 INFO  [org.springframework.extensions.webscripts.ScriptProcessorRegistry] Registered script processor javascript for extension js
12:17:56,889 INFO  [org.springframework.extensions.webscripts.DeclarativeRegistry] Registered 353 Web Scripts (+0 failed), 367 URLs
12:17:56,889 INFO  [org.springframework.extensions.webscripts.DeclarativeRegistry] Registered 8 Package Description Documents (+0 failed) 
12:17:56,904 INFO  [org.springframework.extensions.webscripts.DeclarativeRegistry] Registered 0 Schema Description Documents (+0 failed) 
12:17:57,646 INFO  [org.springframework.extensions.webscripts.AbstractRuntimeContainer] Initialised Spring Surf Container Web Script Container (in 88819.805ms)
12:17:57,673 INFO  [org.springframework.extensions.webscripts.TemplateProcessorRegistry] Registered template processor freemarker for extension ftl
12:17:57,685 INFO  [org.springframework.extensions.webscripts.ScriptProcessorRegistry] Registered script processor javascript for extension js
12:17:58,102 WARN  [org.apache.myfaces.shared_impl.util.LocaleUtils] Locale name in faces-config.xml null or empty, setting locale to default locale : en_US
12:33:17,703 INFO  [org.alfresco.web.site.EditionInterceptor] Successfully retrieved license information from Alfresco.
12:34:06,742 ERROR [org.springframework.extensions.webscripts.AbstractRuntime] Exception from executeScript - redirecting to status template error: 01030001 Failed to execute script 'classpath*:alfresco/site-webscripts/org/alfresco/components/documentlibrary/myfiles.get.js': 01030000 01030001 Failed during processing of Google Docs subsystem status configuration from Alfresco: 01030000 Unable to retrieve Google Docs subsystem status from Alfresco: 401
org.springframework.extensions.webscripts.WebScriptException: 01030001 Failed to execute script 'classpath*:alfresco/site-webscripts/org/alfresco/components/documentlibrary/myfiles.get.js': 01030000 01030001 Failed during processing of Google Docs subsystem status configuration from Alfresco: 01030000 Unable to retrieve Google Docs subsystem status from Alfresco: 401
	at org.springframework.extensions.webscripts.processor.JSScriptProcessor.executeScript(JSScriptProcessor.java:200)
	at org.springframework.extensions.webscripts.AbstractWebScript.executeScript(AbstractWebScript.java:1305)
	at org.springframework.extensions.webscripts.DeclarativeWebScript.execute(DeclarativeWebScript.java:86)
	at org.springframework.extensions.webscripts.PresentationContainer.executeScript(PresentationContainer.java:70)
	at org.springframework.extensions.webscripts.LocalWebScriptRuntimeContainer.executeScript(LocalWebScriptRuntimeContainer.java:236)
	at org.springframework.extensions.webscripts.AbstractRuntime.executeScript(AbstractRuntime.java:378)
	at org.springframework.extensions.webscripts.AbstractRuntime.executeScript(AbstractRuntime.java:209)
	at org.springframework.extensions.webscripts.WebScriptProcessor.executeBody(WebScriptProcessor.java:310)
	at org.springframework.extensions.surf.render.AbstractProcessor.execute(AbstractProcessor.java:57)
	at org.springframework.extensions.surf.render.RenderService.process(RenderService.java:599)
	at org.springframework.extensions.surf.render.RenderService.renderSubComponent(RenderService.java:505)
	at org.springframework.extensions.surf.render.RenderService.renderChromeInclude(RenderService.java:1284)
	at org.springframework.extensions.directives.ChromeIncludeFreeMarkerDirective.execute(ChromeIncludeFreeMarkerDirective.java:81)
	at freemarker.core.Environment.visit(Environment.java:274)
	at freemarker.core.UnifiedCall.accept(UnifiedCall.java:126)
	at freemarker.core.Environment.visit(Environment.java:221)
	at freemarker.core.MixedContent.accept(MixedContent.java:92)
	at freemarker.core.Environment.visit(Environment.java:221)
	at freemarker.core.IfBlock.accept(IfBlock.java:82)
	at freemarker.core.Environment.visit(Environment.java:221)
	at freemarker.core.MixedContent.accept(MixedContent.java:92)
	at freemarker.core.Environment.visit(Environment.java:221)
	at freemarker.core.Environment.process(Environment.java:199)
	at org.springframework.extensions.webscripts.processor.FTLTemplateProcessor.process(FTLTemplateProcessor.java:171)
	at org.springframework.extensions.webscripts.WebTemplateProcessor.executeBody(WebTemplateProcessor.java:438)
	at org.springframework.extensions.surf.render.AbstractProcessor.execute(AbstractProcessor.java:57)
	at org.springframework.extensions.surf.render.RenderService.processRenderable(RenderService.java:204)
	at org.springframework.extensions.surf.render.bean.ChromeRenderer.body(ChromeRenderer.java:95)
	at org.springframework.extensions.surf.render.AbstractRenderer.render(AbstractRenderer.java:77)
	at org.springframework.extensions.surf.render.bean.ChromeRenderer.render(ChromeRenderer.java:86)
	at org.springframework.extensions.surf.render.RenderService.processComponent(RenderService.java:432)
	at org.springframework.extensions.surf.render.bean.ComponentRenderer.body(ComponentRenderer.java:94)
	at org.springframework.extensions.surf.render.AbstractRenderer.render(AbstractRenderer.java:77)
	at org.springframework.extensions.surf.render.RenderService.renderComponent(RenderService.java:961)
	at org.springframework.extensions.surf.render.RenderService.renderRegionComponents(RenderService.java:900)
	at org.springframework.extensions.surf.render.RenderService.renderChromeInclude(RenderService.java:1263)
	at org.springframework.extensions.directives.ChromeIncludeFreeMarkerDirective.execute(ChromeIncludeFreeMarkerDirective.java:81)
	at freemarker.core.Environment.visit(Environment.java:274)
	at freemarker.core.UnifiedCall.accept(UnifiedCall.java:126)
	at freemarker.core.Environment.visit(Environment.java:221)
	at freemarker.core.MixedContent.accept(MixedContent.java:92)
	at freemarker.core.Environment.visit(Environment.java:221)
	at freemarker.core.Environment.process(Environment.java:199)
	at org.springframework.extensions.webscripts.processor.FTLTemplateProcessor.process(FTLTemplateProcessor.java:171)
	at org.springframework.extensions.webscripts.WebTemplateProcessor.executeBody(WebTemplateProcessor.java:438)
	at org.springframework.extensions.surf.render.AbstractProcessor.execute(AbstractProcessor.java:57)
	at org.springframework.extensions.surf.render.RenderService.processRenderable(RenderService.java:204)
	at org.springframework.extensions.surf.render.bean.ChromeRenderer.body(ChromeRenderer.java:95)
	at org.springframework.extensions.surf.render.AbstractRenderer.render(AbstractRenderer.java:77)
	at org.springframework.extensions.surf.render.bean.ChromeRenderer.render(ChromeRenderer.java:86)
	at org.springframework.extensions.surf.render.bean.RegionRenderer.body(RegionRenderer.java:99)
	at org.springframework.extensions.surf.render.AbstractRenderer.render(AbstractRenderer.java:77)
	at org.springframework.extensions.surf.render.RenderService.renderRegion(RenderService.java:851)
	at org.springframework.extensions.directives.RegionDirectiveData.render(RegionDirectiveData.java:91)
	at org.springframework.extensions.surf.extensibility.impl.ExtensibilityModelImpl.merge(ExtensibilityModelImpl.java:408)
	at org.springframework.extensions.surf.extensibility.impl.AbstractExtensibilityDirective.merge(AbstractExtensibilityDirective.java:169)
	at org.springframework.extensions.surf.extensibility.impl.AbstractExtensibilityDirective.execute(AbstractExtensibilityDirective.java:137)
	at freemarker.core.Environment.visit(Environment.java:274)
	at freemarker.core.UnifiedCall.accept(UnifiedCall.java:126)
	at freemarker.core.Environment.visit(Environment.java:221)
	at freemarker.core.MixedContent.accept(MixedContent.java:92)
	at freemarker.core.Environment.visit(Environment.java:221)
	at freemarker.core.Environment$3.render(Environment.java:246)
	at org.springframework.extensions.surf.extensibility.impl.DefaultExtensibilityDirectiveData.render(DefaultExtensibilityDirectiveData.java:119)
	at org.springframework.extensions.surf.extensibility.impl.ExtensibilityModelImpl.merge(ExtensibilityModelImpl.java:408)
	at org.springframework.extensions.surf.extensibility.impl.AbstractExtensibilityDirective.merge(AbstractExtensibilityDirective.java:169)
	at org.springframework.extensions.surf.extensibility.impl.AbstractExtensibilityDirective.execute(AbstractExtensibilityDirective.java:137)
	at freemarker.core.Environment.visit(Environment.java:274)
	at freemarker.core.UnifiedCall.accept(UnifiedCall.java:126)
	at freemarker.core.Environment.visit(Environment.java:221)
	at freemarker.core.MixedContent.accept(MixedContent.java:92)
	at freemarker.core.Environment.visit(Environment.java:221)
	at freemarker.core.Environment.visit(Environment.java:406)
	at freemarker.core.BodyInstruction.accept(BodyInstruction.java:93)
	at freemarker.core.Environment.visit(Environment.java:221)
	at freemarker.core.MixedContent.accept(MixedContent.java:92)
	at freemarker.core.Environment.visit(Environment.java:221)
	at freemarker.core.Macro$Context.runMacro(Macro.java:172)
	at freemarker.core.Environment.visit(Environment.java:614)
	at freemarker.core.UnifiedCall.accept(UnifiedCall.java:106)
	at freemarker.core.Environment.visit(Environment.java:221)
	at freemarker.core.MixedContent.accept(MixedContent.java:92)
	at freemarker.core.Environment.visit(Environment.java:221)
	at freemarker.core.Environment.process(Environment.java:199)
	at org.springframework.extensions.webscripts.processor.FTLTemplateProcessor.process(FTLTemplateProcessor.java:171)
	at org.springframework.extensions.webscripts.WebTemplateProcessor.executeBody(WebTemplateProcessor.java:438)
	at org.springframework.extensions.surf.render.AbstractProcessor.execute(AbstractProcessor.java:57)
	at org.springframework.extensions.surf.render.RenderService.processTemplate(RenderService.java:721)
	at org.springframework.extensions.surf.render.bean.TemplateInstanceRenderer.body(TemplateInstanceRenderer.java:140)
	at org.springframework.extensions.surf.render.AbstractRenderer.render(AbstractRenderer.java:77)
	at org.springframework.extensions.surf.render.bean.PageRenderer.body(PageRenderer.java:85)
	at org.springframework.extensions.surf.render.AbstractRenderer.render(AbstractRenderer.java:77)
	at org.springframework.extensions.surf.render.RenderService.renderPage(RenderService.java:762)
	at org.springframework.extensions.surf.mvc.PageView.dispatchPage(PageView.java:411)
	at org.springframework.extensions.surf.mvc.PageView.renderView(PageView.java:306)
	at org.springframework.extensions.surf.mvc.AbstractWebFrameworkView.renderMergedOutputModel(AbstractWebFrameworkView.java:316)
	at org.springframework.web.servlet.view.AbstractView.render(AbstractView.java:250)
	at org.springframework.web.servlet.DispatcherServlet.render(DispatcherServlet.java:1047)
	at org.springframework.web.servlet.DispatcherServlet.doDispatch(DispatcherServlet.java:817)
	at org.springframework.web.servlet.DispatcherServlet.doService(DispatcherServlet.java:719)
	at org.springframework.web.servlet.FrameworkServlet.processRequest(FrameworkServlet.java:644)
	at org.springframework.web.servlet.FrameworkServlet.doGet(FrameworkServlet.java:549)
	at javax.servlet.http.HttpServlet.service(HttpServlet.java:621)
	at javax.servlet.http.HttpServlet.service(HttpServlet.java:728)
	at org.apache.catalina.core.ApplicationFilterChain.internalDoFilter(ApplicationFilterChain.java:305)
	at org.apache.catalina.core.ApplicationFilterChain.doFilter(ApplicationFilterChain.java:210)
	at org.alfresco.web.site.servlet.MTAuthenticationFilter.doFilter(MTAuthenticationFilter.java:74)
	at org.apache.catalina.core.ApplicationFilterChain.internalDoFilter(ApplicationFilterChain.java:243)
	at org.apache.catalina.core.ApplicationFilterChain.doFilter(ApplicationFilterChain.java:210)
	at org.alfresco.web.site.servlet.SecurityHeadersFilter.doFilter(SecurityHeadersFilter.java:168)
	at org.apache.catalina.core.ApplicationFilterChain.internalDoFilter(ApplicationFilterChain.java:243)
	at org.apache.catalina.core.ApplicationFilterChain.doFilter(ApplicationFilterChain.java:210)
	at org.alfresco.web.site.servlet.CSRFFilter.doFilter(CSRFFilter.java:313)
	at org.apache.catalina.core.ApplicationFilterChain.internalDoFilter(ApplicationFilterChain.java:243)
	at org.apache.catalina.core.ApplicationFilterChain.doFilter(ApplicationFilterChain.java:210)
	at org.alfresco.web.site.servlet.SSOAuthenticationFilter.doFilter(SSOAuthenticationFilter.java:378)
	at org.apache.catalina.core.ApplicationFilterChain.internalDoFilter(ApplicationFilterChain.java:243)
	at org.apache.catalina.core.ApplicationFilterChain.doFilter(ApplicationFilterChain.java:210)
	at org.apache.catalina.core.StandardWrapperValve.invoke(StandardWrapperValve.java:222)
	at org.apache.catalina.core.StandardContextValve.invoke(StandardContextValve.java:123)
	at org.apache.catalina.authenticator.AuthenticatorBase.invoke(AuthenticatorBase.java:472)
	at org.apache.catalina.core.StandardHostValve.invoke(StandardHostValve.java:171)
	at org.apache.catalina.valves.ErrorReportValve.invoke(ErrorReportValve.java:99)
	at org.apache.catalina.valves.AccessLogValve.invoke(AccessLogValve.java:936)
	at org.apache.catalina.core.StandardEngineValve.invoke(StandardEngineValve.java:118)
	at org.apache.catalina.connector.CoyoteAdapter.service(CoyoteAdapter.java:407)
	at org.apache.coyote.http11.AbstractHttp11Processor.process(AbstractHttp11Processor.java:1004)
	at org.apache.coyote.AbstractProtocol$AbstractConnectionHandler.process(AbstractProtocol.java:589)
	at org.apache.tomcat.util.net.JIoEndpoint$SocketProcessor.run(JIoEndpoint.java:312)
	at java.util.concurrent.ThreadPoolExecutor.runWorker(ThreadPoolExecutor.java:1145)
	at java.util.concurrent.ThreadPoolExecutor$Worker.run(ThreadPoolExecutor.java:615)
	at java.lang.Thread.run(Thread.java:745)
Caused by: org.springframework.extensions.webscripts.WebScriptException: 01030000 01030001 Failed during processing of Google Docs subsystem status configuration from Alfresco: 01030000 Unable to retrieve Google Docs subsystem status from Alfresco: 401
	at org.springframework.extensions.webscripts.processor.JSScriptProcessor.executeScriptImpl(JSScriptProcessor.java:324)
	at org.springframework.extensions.webscripts.processor.JSScriptProcessor.executeScript(JSScriptProcessor.java:192)
	... 131 more
Caused by: org.alfresco.error.AlfrescoRuntimeException: 01030001 Failed during processing of Google Docs subsystem status configuration from Alfresco: 01030000 Unable to retrieve Google Docs subsystem status from Alfresco: 401
	at org.alfresco.web.scripts.SingletonValueProcessorExtension.getSingletonValue(SingletonValueProcessorExtension.java:108)
	at org.alfresco.web.scripts.SingletonValueProcessorExtension.getSingletonValue(SingletonValueProcessorExtension.java:59)
	at org.alfresco.web.scripts.GoogleDocsStatus.getEnabled(GoogleDocsStatus.java:51)
	at sun.reflect.NativeMethodAccessorImpl.invoke0(Native Method)
	at sun.reflect.NativeMethodAccessorImpl.invoke(NativeMethodAccessorImpl.java:57)
	at sun.reflect.DelegatingMethodAccessorImpl.invoke(DelegatingMethodAccessorImpl.java:43)
	at java.lang.reflect.Method.invoke(Method.java:606)
	at org.mozilla.javascript.MemberBox.invoke(MemberBox.java:155)
	at org.mozilla.javascript.JavaMembers.get(JavaMembers.java:117)
	at org.mozilla.javascript.NativeJavaObject.get(NativeJavaObject.java:113)
	at org.mozilla.javascript.ScriptableObject.getProperty(ScriptableObject.java:1544)
	at org.mozilla.javascript.ScriptRuntime.getObjectProp(ScriptRuntime.java:1375)
	at org.mozilla.javascript.ScriptRuntime.getObjectProp(ScriptRuntime.java:1364)
	at org.mozilla.javascript.gen.c9._c4(file:/C:/Users/mionkin/alf-project/mvn-tutorial-share/target/mvn-tutorial-share-war/WEB-INF/classes/alfresco/site-webscripts/org/alfresco/components/documentlibrary/myfiles.get.js:167)
	at org.mozilla.javascript.gen.c9.call(file:/C:/Users/mionkin/alf-project/mvn-tutorial-share/target/mvn-tutorial-share-war/WEB-INF/classes/alfresco/site-webscripts/org/alfresco/components/documentlibrary/myfiles.get.js)
	at org.mozilla.javascript.optimizer.OptRuntime.callName(OptRuntime.java:97)
	at org.mozilla.javascript.gen.c9._c6(file:/C:/Users/mionkin/alf-project/mvn-tutorial-share/target/mvn-tutorial-share-war/WEB-INF/classes/alfresco/site-webscripts/org/alfresco/components/documentlibrary/myfiles.get.js:252)
	at org.mozilla.javascript.gen.c9.call(file:/C:/Users/mionkin/alf-project/mvn-tutorial-share/target/mvn-tutorial-share-war/WEB-INF/classes/alfresco/site-webscripts/org/alfresco/components/documentlibrary/myfiles.get.js)
	at org.mozilla.javascript.optimizer.OptRuntime.callName0(OptRuntime.java:108)
	at org.mozilla.javascript.gen.c9._c0(file:/C:/Users/mionkin/alf-project/mvn-tutorial-share/target/mvn-tutorial-share-war/WEB-INF/classes/alfresco/site-webscripts/org/alfresco/components/documentlibrary/myfiles.get.js:258)
	at org.mozilla.javascript.gen.c9.call(file:/C:/Users/mionkin/alf-project/mvn-tutorial-share/target/mvn-tutorial-share-war/WEB-INF/classes/alfresco/site-webscripts/org/alfresco/components/documentlibrary/myfiles.get.js)
	at org.mozilla.javascript.ContextFactory.doTopCall(ContextFactory.java:393)
	at org.mozilla.javascript.ScriptRuntime.doTopCall(ScriptRuntime.java:2834)
	at org.mozilla.javascript.gen.c9.call(file:/C:/Users/mionkin/alf-project/mvn-tutorial-share/target/mvn-tutorial-share-war/WEB-INF/classes/alfresco/site-webscripts/org/alfresco/components/documentlibrary/myfiles.get.js)
	at org.mozilla.javascript.gen.c9.exec(file:/C:/Users/mionkin/alf-project/mvn-tutorial-share/target/mvn-tutorial-share-war/WEB-INF/classes/alfresco/site-webscripts/org/alfresco/components/documentlibrary/myfiles.get.js)
	at org.springframework.extensions.webscripts.processor.JSScriptProcessor.executeScriptImpl(JSScriptProcessor.java:318)
	... 132 more
12:34:07,403 INFO  [org.alfresco.web.scripts.ImapServerStatus] Successfully retrieved IMAP server status from Alfresco: disabled
12:34:32,549 INFO  [org.alfresco.web.scripts.GoogleDocsStatus] Successfully retrieved Google Docs subsystem status from Alfresco: false
12:34:41,503 INFO  [org.alfresco.web.scripts.DictionaryQuery] Successfully retrieved Data Dictionary from Alfresco.
14:48:42,437 INFO  [org.alfresco.web.scripts.MimetypesQuery] Successfully retrieved mimetypes information from Alfresco.
