12:04:57,055 INFO  [org.alfresco.repo.admin] Using database URL 'jdbc:h2:./alf_data_dev/h2_data/alf_dev;MODE=PostgreSQL;AUTO_SERVER=TRUE;DB_CLOSE_ON_EXIT=FALSE;LOCK_TIMEOUT=10000;MVCC=TRUE' with user 'alfresco'.
12:05:03,664 INFO  [org.alfresco.repo.admin] Connected to database H2 version 1.3.174 (2013-10-19)
12:05:13,871 INFO  [org.alfresco.repo.management.subsystems.ChildApplicationContextFactory] Starting 'sysAdmin' subsystem, ID: [sysAdmin, default]
12:05:13,917 INFO  [org.alfresco.repo.management.subsystems.ChildApplicationContextFactory] Startup of 'sysAdmin' subsystem, ID: [sysAdmin, default] complete
12:05:28,609 INFO  [org.springframework.extensions.webscripts.TemplateProcessorRegistry] Registered template processor Repository Template Processor for extension ftl
12:05:28,614 INFO  [org.springframework.extensions.webscripts.ScriptProcessorRegistry] Registered script processor Repository Script Processor for extension js
12:05:37,562 INFO  [org.alfresco.repo.domain.schema.SchemaBootstrap] Connecting to database: jdbc:h2:./alf_data_dev/h2_data/alf_dev, UserName=ALFRESCO, H2 JDBC Driver
12:05:37,562 INFO  [org.alfresco.repo.domain.schema.SchemaBootstrap] Schema managed by database dialect org.hibernate.dialect.H2Dialect.
12:05:39,164 INFO  [org.alfresco.repo.domain.schema.SchemaBootstrap] No changes were made to the schema.
12:05:39,839 INFO  [org.alfresco.repo.management.subsystems.ChildApplicationContextFactory] Starting 'Authentication' subsystem, ID: [Authentication, managed, alfrescoNtlm1]
12:05:40,040 INFO  [org.alfresco.repo.management.subsystems.ChildApplicationContextFactory] Startup of 'Authentication' subsystem, ID: [Authentication, managed, alfrescoNtlm1] complete
12:05:40,370 WARN  [org.jbpm.jpdl.xml.JpdlXmlReader] process xml warning: swimlane 'initiator' does not have an assignment
12:05:40,403 WARN  [org.jbpm.jpdl.xml.JpdlXmlReader] process parse warning: swimlane 'initiator' does not have an assignment
12:05:40,506 WARN  [org.jbpm.jpdl.xml.JpdlXmlReader] process xml warning: swimlane 'initiator' does not have an assignment
12:05:40,507 WARN  [org.jbpm.jpdl.xml.JpdlXmlReader] process parse warning: swimlane 'initiator' does not have an assignment
12:05:40,567 WARN  [org.jbpm.jpdl.xml.JpdlXmlReader] process xml warning: swimlane 'initiator' does not have an assignment
12:05:40,568 WARN  [org.jbpm.jpdl.xml.JpdlXmlReader] process parse warning: swimlane 'initiator' does not have an assignment
12:05:40,610 WARN  [org.jbpm.jpdl.xml.JpdlXmlReader] process xml warning: swimlane 'initiator' does not have an assignment
12:05:40,612 WARN  [org.jbpm.jpdl.xml.JpdlXmlReader] process parse warning: swimlane 'initiator' does not have an assignment
12:05:40,676 WARN  [org.jbpm.jpdl.xml.JpdlXmlReader] process xml warning: swimlane 'initiator' does not have an assignment
12:05:40,677 WARN  [org.jbpm.jpdl.xml.JpdlXmlReader] process parse warning: swimlane 'initiator' does not have an assignment
12:05:40,711 WARN  [org.jbpm.jpdl.xml.JpdlXmlReader] process xml warning: swimlane 'initiator' does not have an assignment
12:05:40,714 WARN  [org.jbpm.jpdl.xml.JpdlXmlReader] process parse warning: swimlane 'initiator' does not have an assignment
12:05:40,747 WARN  [org.jbpm.jpdl.xml.JpdlXmlReader] process xml warning: swimlane 'initiator' does not have an assignment
12:05:40,748 WARN  [org.jbpm.jpdl.xml.JpdlXmlReader] process parse warning: swimlane 'initiator' does not have an assignment
12:05:40,775 WARN  [org.jbpm.jpdl.xml.JpdlXmlReader] process xml warning: swimlane 'initiator' does not have an assignment
12:05:40,776 WARN  [org.jbpm.jpdl.xml.JpdlXmlReader] process parse warning: swimlane 'initiator' does not have an assignment
12:05:40,816 WARN  [org.jbpm.jpdl.xml.JpdlXmlReader] process xml warning: swimlane 'initiator' does not have an assignment
12:05:40,816 WARN  [org.jbpm.jpdl.xml.JpdlXmlReader] process parse warning: swimlane 'initiator' does not have an assignment
12:05:41,122 INFO  [org.alfresco.repo.management.subsystems.ChildApplicationContextFactory] Starting 'Search' subsystem, ID: [Search, managed, lucene]
12:05:43,505 INFO  [org.alfresco.repo.management.subsystems.ChildApplicationContextFactory] Startup of 'Search' subsystem, ID: [Search, managed, lucene] complete
12:05:43,757 INFO  [org.alfresco.repo.management.subsystems.ChildApplicationContextFactory] Starting 'thirdparty' subsystem, ID: [thirdparty, default]
12:05:43,910 ERROR [org.alfresco.repo.content.transform.magick.AbstractImageMagickContentTransformerWorker] ImageMagickContentTransformerWorker not available: 01250001 Failed to perform ImageMagick transformation: 
Execution result: 
   os:         Windows 7
   command:    ./ImageMagick/bin/convert C:\Users\mionkin\AppData\Local\Temp\Alfresco\ImageMagickContentTransformerWorker_init_source_8596502924181612667.gif C:\Users\mionkin\AppData\Local\Temp\Alfresco\ImageMagickContentTransformerWorker_init_target_3478753111326300330.png
   succeeded:  false
   exit code:  410
   out:        
   err:        Cannot run program "./ImageMagick/bin/convert": CreateProcess error=2, The system cannot find the file specified
12:05:43,919 ERROR [org.alfresco.repo.content.transform.RuntimeExecutableContentTransformerWorker] Failed to start a runtime executable content transformer: 
Execution result: 
   os:         Windows 7
   command:    ./bin/pdf2swf -V
   succeeded:  false
   exit code:  1
   out:        
   err:        Cannot run program "./bin/pdf2swf": CreateProcess error=2, The system cannot find the file specified
12:05:43,919 INFO  [org.alfresco.repo.management.subsystems.ChildApplicationContextFactory] Startup of 'thirdparty' subsystem, ID: [thirdparty, default] complete
12:05:43,920 INFO  [org.alfresco.repo.management.subsystems.ChildApplicationContextFactory] Starting 'OOoDirect' subsystem, ID: [OOoDirect, default]
12:05:44,358 ERROR [org.alfresco.util.exec.RuntimeExecBootstrapBean] Bootstrap command failed: 
Execution result: 
   os:         Windows 7
   command:    soffice -accept=socket,host=127.0.0.1,port=8100;urp;StarOffice.ServiceManager -env:UserInstallation=file:///C:/Users/mionkin/Documents/gitHub/alf/mvn-tutorial-repo/alf_data_dev/oouser -headless -nocrashreport -nofirststartwizard -nologo -norestore
   succeeded:  false
   exit code:  2
   out:        
   err:        Cannot run program "soffice": CreateProcess error=2, The system cannot find the file specified
12:05:46,421 WARN  [org.alfresco.util.OpenOfficeConnectionTester] An initial OpenOffice connection could not be established.
12:05:46,425 INFO  [org.alfresco.repo.management.subsystems.ChildApplicationContextFactory] Startup of 'OOoDirect' subsystem, ID: [OOoDirect, default] complete
12:05:46,428 INFO  [org.alfresco.repo.admin.ConfigurationChecker] The Alfresco root data directory ('dir.root') is: alf_data_dev
12:05:46,472 INFO  [org.alfresco.repo.admin.patch.PatchExecuter] Checking for patches to apply ...
12:05:47,083 INFO  [org.alfresco.repo.admin.patch.PatchExecuter] No patches were required.
12:05:47,101 INFO  [org.alfresco.repo.module.ModuleServiceImpl] Found 1 module(s).
12:05:47,139 INFO  [org.alfresco.repo.module.ModuleServiceImpl] Upgrading module 'mvn-tutorial-repo' version 1.0.1502251204 (was 1.0.1502201312).
12:05:47,561 INFO  [org.alfresco.repo.management.subsystems.ChildApplicationContextFactory] Starting 'fileServers' subsystem, ID: [fileServers, default]
12:05:50,160 ERROR [org.alfresco.fileserver] java.lang.UnsatisfiedLinkError: no Win32NetBIOSx64 in java.library.path
12:05:50,160 ERROR [org.alfresco.fileserver] 	at java.lang.ClassLoader.loadLibrary(ClassLoader.java:1886)
12:05:50,160 ERROR [org.alfresco.fileserver] 	at java.lang.Runtime.loadLibrary0(Runtime.java:849)
12:05:50,160 ERROR [org.alfresco.fileserver] 	at java.lang.System.loadLibrary(System.java:1088)
12:05:50,160 ERROR [org.alfresco.fileserver] 	at org.alfresco.jlan.netbios.win32.Win32NetBIOS.<clinit>(Win32NetBIOS.java:834)
12:05:50,160 ERROR [org.alfresco.fileserver] 	at org.alfresco.filesys.AbstractServerConfigurationBean.getLocalServerName(AbstractServerConfigurationBean.java:671)
12:05:50,160 ERROR [org.alfresco.fileserver] 	at org.alfresco.filesys.AbstractServerConfigurationBean.getLocalServerName(AbstractServerConfigurationBean.java:631)
12:05:50,160 ERROR [org.alfresco.fileserver] 	at org.alfresco.filesys.config.ServerConfigurationBean.processCIFSServerConfig(ServerConfigurationBean.java:261)
12:05:50,160 ERROR [org.alfresco.fileserver] 	at org.alfresco.filesys.AbstractServerConfigurationBean.init(AbstractServerConfigurationBean.java:473)
12:05:50,160 ERROR [org.alfresco.fileserver] 	at org.alfresco.filesys.AbstractServerConfigurationBean.onApplicationEvent(AbstractServerConfigurationBean.java:824)
12:05:50,160 ERROR [org.alfresco.fileserver] 	at org.springframework.context.event.SimpleApplicationEventMulticaster.multicastEvent(SimpleApplicationEventMulticaster.java:97)
12:05:50,161 ERROR [org.alfresco.fileserver] 	at org.alfresco.repo.management.subsystems.ChildApplicationContextFactory$ChildApplicationContext.publishEvent(ChildApplicationContextFactory.java:554)
12:05:50,161 ERROR [org.alfresco.fileserver] 	at org.springframework.context.support.AbstractApplicationContext.finishRefresh(AbstractApplicationContext.java:911)
12:05:50,161 ERROR [org.alfresco.fileserver] 	at org.springframework.context.support.AbstractApplicationContext.refresh(AbstractApplicationContext.java:428)
12:05:50,161 ERROR [org.alfresco.fileserver] 	at org.alfresco.repo.management.subsystems.ChildApplicationContextFactory$ApplicationContextState.start(ChildApplicationContextFactory.java:803)
12:05:50,161 ERROR [org.alfresco.fileserver] 	at org.alfresco.repo.management.subsystems.AbstractPropertyBackedBean.start(AbstractPropertyBackedBean.java:991)
12:05:50,161 ERROR [org.alfresco.fileserver] 	at org.alfresco.repo.management.subsystems.AbstractPropertyBackedBean.onApplicationEvent(AbstractPropertyBackedBean.java:530)
12:05:50,161 ERROR [org.alfresco.fileserver] 	at org.alfresco.repo.management.SafeApplicationEventMulticaster.multicastEventInternal(SafeApplicationEventMulticaster.java:209)
12:05:50,161 ERROR [org.alfresco.fileserver] 	at org.alfresco.repo.management.SafeApplicationEventMulticaster.multicastEvent(SafeApplicationEventMulticaster.java:180)
12:05:50,161 ERROR [org.alfresco.fileserver] 	at org.springframework.context.support.AbstractApplicationContext.publishEvent(AbstractApplicationContext.java:303)
12:05:50,161 ERROR [org.alfresco.fileserver] 	at org.springframework.context.support.AbstractApplicationContext.finishRefresh(AbstractApplicationContext.java:911)
12:05:50,161 ERROR [org.alfresco.fileserver] 	at org.springframework.context.support.AbstractApplicationContext.refresh(AbstractApplicationContext.java:428)
12:05:50,164 ERROR [org.alfresco.fileserver] 	at org.springframework.web.context.ContextLoader.createWebApplicationContext(ContextLoader.java:276)
12:05:50,164 ERROR [org.alfresco.fileserver] 	at org.springframework.web.context.ContextLoader.initWebApplicationContext(ContextLoader.java:197)
12:05:50,164 ERROR [org.alfresco.fileserver] 	at org.springframework.web.context.ContextLoaderListener.contextInitialized(ContextLoaderListener.java:47)
12:05:50,164 ERROR [org.alfresco.fileserver] 	at org.alfresco.web.app.ContextLoaderListener.contextInitialized(ContextLoaderListener.java:63)
12:05:50,164 ERROR [org.alfresco.fileserver] 	at org.apache.catalina.core.StandardContext.listenerStart(StandardContext.java:4797)
12:05:50,164 ERROR [org.alfresco.fileserver] 	at org.apache.catalina.core.StandardContext.startInternal(StandardContext.java:5291)
12:05:50,164 ERROR [org.alfresco.fileserver] 	at org.apache.catalina.util.LifecycleBase.start(LifecycleBase.java:150)
12:05:50,164 ERROR [org.alfresco.fileserver] 	at org.apache.catalina.core.ContainerBase$StartChild.call(ContainerBase.java:1559)
12:05:50,164 ERROR [org.alfresco.fileserver] 	at org.apache.catalina.core.ContainerBase$StartChild.call(ContainerBase.java:1549)
12:05:50,164 ERROR [org.alfresco.fileserver] 	at java.util.concurrent.FutureTask.run(FutureTask.java:262)
12:05:50,164 ERROR [org.alfresco.fileserver] 	at java.util.concurrent.ThreadPoolExecutor.runWorker(ThreadPoolExecutor.java:1145)
12:05:50,164 ERROR [org.alfresco.fileserver] 	at java.util.concurrent.ThreadPoolExecutor$Worker.run(ThreadPoolExecutor.java:615)
12:05:50,164 ERROR [org.alfresco.fileserver] 	at java.lang.Thread.run(Thread.java:745)
12:05:50,165 ERROR [org.alfresco.fileserver] Error accessing Win32 NetBIOS, check DLL is on the path
12:05:50,226 INFO  [org.alfresco.repo.management.subsystems.ChildApplicationContextFactory] Startup of 'fileServers' subsystem, ID: [fileServers, default] complete
12:05:50,227 INFO  [org.alfresco.repo.management.subsystems.ChildApplicationContextFactory] Starting 'imap' subsystem, ID: [imap, default]
12:05:50,396 INFO  [org.alfresco.repo.management.subsystems.ChildApplicationContextFactory] Startup of 'imap' subsystem, ID: [imap, default] complete
12:05:50,396 INFO  [org.alfresco.repo.management.subsystems.ChildApplicationContextFactory] Starting 'email' subsystem, ID: [email, outbound]
12:05:50,618 INFO  [org.alfresco.repo.management.subsystems.ChildApplicationContextFactory] Startup of 'email' subsystem, ID: [email, outbound] complete
12:05:50,618 INFO  [org.alfresco.repo.management.subsystems.ChildApplicationContextFactory] Starting 'email' subsystem, ID: [email, inbound]
12:05:50,733 INFO  [org.alfresco.repo.management.subsystems.ChildApplicationContextFactory] Startup of 'email' subsystem, ID: [email, inbound] complete
12:05:50,733 INFO  [org.alfresco.repo.management.subsystems.ChildApplicationContextFactory] Starting 'Subscriptions' subsystem, ID: [Subscriptions, default]
12:05:50,750 INFO  [org.alfresco.repo.management.subsystems.ChildApplicationContextFactory] Startup of 'Subscriptions' subsystem, ID: [Subscriptions, default] complete
12:05:50,768 INFO  [org.alfresco.repo.management.subsystems.ChildApplicationContextFactory] Starting 'Synchronization' subsystem, ID: [Synchronization, default]
12:05:50,885 INFO  [org.alfresco.repo.management.subsystems.ChildApplicationContextFactory] Startup of 'Synchronization' subsystem, ID: [Synchronization, default] complete
12:05:51,022 INFO  [org.alfresco.service.descriptor.DescriptorService] Alfresco JVM - v1.7.0_75-b13; maximum heap size 910,500MB
12:05:51,023 INFO  [org.alfresco.service.descriptor.DescriptorService] Alfresco started (Community). Current version: 4.2.0 (r56674-b4848) schema 6 033. Originally installed version: 4.2.0 (r56674-b4848) schema 6 033.
12:05:51,068 INFO  [org.alfresco.repo.management.subsystems.ChildApplicationContextFactory] Starting 'ActivitiesFeed' subsystem, ID: [ActivitiesFeed, default]
12:05:51,242 INFO  [org.alfresco.repo.management.subsystems.ChildApplicationContextFactory] Startup of 'ActivitiesFeed' subsystem, ID: [ActivitiesFeed, default] complete
12:05:51,242 INFO  [org.alfresco.repo.management.subsystems.ChildApplicationContextFactory] Starting 'Replication' subsystem, ID: [Replication, default]
12:05:51,256 INFO  [org.alfresco.repo.management.subsystems.ChildApplicationContextFactory] Startup of 'Replication' subsystem, ID: [Replication, default] complete
12:06:13,201 INFO  [org.springframework.extensions.webscripts.DeclarativeRegistry] Registered 494 Web Scripts (+0 failed), 776 URLs
12:06:13,202 INFO  [org.springframework.extensions.webscripts.DeclarativeRegistry] Registered 2 Package Description Documents (+0 failed) 
12:06:13,203 INFO  [org.springframework.extensions.webscripts.DeclarativeRegistry] Registered 1 Schema Description Documents (+0 failed) 
12:06:19,677 INFO  [org.springframework.extensions.webscripts.DeclarativeRegistry] Registered 494 Web Scripts (+0 failed), 776 URLs
12:06:19,677 INFO  [org.springframework.extensions.webscripts.DeclarativeRegistry] Registered 2 Package Description Documents (+0 failed) 
12:06:19,677 INFO  [org.springframework.extensions.webscripts.DeclarativeRegistry] Registered 1 Schema Description Documents (+0 failed) 
12:06:19,682 INFO  [org.springframework.extensions.webscripts.AbstractRuntimeContainer] Initialised Repository Web Script Container (in 19136.668ms)
12:06:19,710 INFO  [org.springframework.extensions.webscripts.TemplateProcessorRegistry] Registered template processor freemarker for extension ftl
12:06:19,711 INFO  [org.springframework.extensions.webscripts.ScriptProcessorRegistry] Registered script processor javascript for extension js
12:06:26,057 INFO  [org.springframework.extensions.webscripts.DeclarativeRegistry] Registered 494 Web Scripts (+0 failed), 776 URLs
12:06:26,057 INFO  [org.springframework.extensions.webscripts.DeclarativeRegistry] Registered 2 Package Description Documents (+0 failed) 
12:06:26,057 INFO  [org.springframework.extensions.webscripts.DeclarativeRegistry] Registered 1 Schema Description Documents (+0 failed) 
12:06:26,558 INFO  [org.springframework.extensions.webscripts.DeclarativeRegistry] Registered 11 Web Scripts (+0 failed), 82 URLs
12:06:26,558 INFO  [org.springframework.extensions.webscripts.DeclarativeRegistry] Registered 0 Package Description Documents (+0 failed) 
12:06:26,558 INFO  [org.springframework.extensions.webscripts.DeclarativeRegistry] Registered 0 Schema Description Documents (+0 failed) 
12:06:26,611 INFO  [org.springframework.extensions.webscripts.DeclarativeRegistry] Registered 11 Web Scripts (+0 failed), 82 URLs
12:06:26,611 INFO  [org.springframework.extensions.webscripts.DeclarativeRegistry] Registered 0 Package Description Documents (+0 failed) 
12:06:26,611 INFO  [org.springframework.extensions.webscripts.DeclarativeRegistry] Registered 0 Schema Description Documents (+0 failed) 
12:06:26,614 INFO  [org.springframework.extensions.webscripts.AbstractRuntimeContainer] Initialised Public Api Web Script Container (in 240.75871ms)
12:06:26,651 INFO  [org.springframework.extensions.webscripts.DeclarativeRegistry] Registered 11 Web Scripts (+0 failed), 82 URLs
12:06:26,651 INFO  [org.springframework.extensions.webscripts.DeclarativeRegistry] Registered 0 Package Description Documents (+0 failed) 
12:06:26,651 INFO  [org.springframework.extensions.webscripts.DeclarativeRegistry] Registered 0 Schema Description Documents (+0 failed) 
12:06:53,192 WARN  [org.apache.myfaces.shared_impl.renderkit.html.HtmlImageRendererBase] ALT attribute is missing for : _idJsp6
12:06:55,516 WARN  [org.apache.myfaces.shared_impl.renderkit.html.HtmlImageRendererBase] ALT attribute is missing for : space-logo
12:06:55,528 WARN  [org.apache.myfaces.shared_impl.renderkit.html.HtmlImageRendererBase] ALT attribute is missing for : img-rule
12:06:55,819 WARN  [org.apache.myfaces.shared_impl.renderkit.html.HtmlImageRendererBase] ALT attribute is missing for : col2-img
12:06:55,833 WARN  [org.apache.myfaces.shared_impl.renderkit.html.HtmlImageRendererBase] ALT attribute is missing for : col2-img
12:06:55,841 WARN  [org.apache.myfaces.shared_impl.renderkit.html.HtmlImageRendererBase] ALT attribute is missing for : col2-img
12:06:55,847 WARN  [org.apache.myfaces.shared_impl.renderkit.html.HtmlImageRendererBase] ALT attribute is missing for : col2-img
12:06:55,854 WARN  [org.apache.myfaces.shared_impl.renderkit.html.HtmlImageRendererBase] ALT attribute is missing for : col2-img
12:06:55,860 WARN  [org.apache.myfaces.shared_impl.renderkit.html.HtmlImageRendererBase] ALT attribute is missing for : col2-img
12:06:55,872 WARN  [org.apache.myfaces.shared_impl.renderkit.html.HtmlImageRendererBase] ALT attribute is missing for : col2-img
12:06:55,882 WARN  [org.apache.myfaces.shared_impl.renderkit.html.HtmlImageRendererBase] ALT attribute is missing for : col2-img
12:06:57,908 WARN  [org.apache.myfaces.shared_impl.renderkit.html.HtmlImageRendererBase] ALT attribute is missing for : space-logo
12:06:57,911 WARN  [org.apache.myfaces.shared_impl.renderkit.html.HtmlImageRendererBase] ALT attribute is missing for : img-rule
12:06:57,952 WARN  [org.apache.myfaces.shared_impl.renderkit.html.HtmlImageRendererBase] ALT attribute is missing for : col2-img
12:06:57,968 WARN  [org.apache.myfaces.shared_impl.renderkit.html.HtmlImageRendererBase] ALT attribute is missing for : col2-img
12:06:57,975 WARN  [org.apache.myfaces.shared_impl.renderkit.html.HtmlImageRendererBase] ALT attribute is missing for : col2-img
12:06:57,987 WARN  [org.apache.myfaces.shared_impl.renderkit.html.HtmlImageRendererBase] ALT attribute is missing for : col2-img
12:06:57,993 WARN  [org.apache.myfaces.shared_impl.renderkit.html.HtmlImageRendererBase] ALT attribute is missing for : col2-img
12:06:58,000 WARN  [org.apache.myfaces.shared_impl.renderkit.html.HtmlImageRendererBase] ALT attribute is missing for : col2-img
12:06:58,012 WARN  [org.apache.myfaces.shared_impl.renderkit.html.HtmlImageRendererBase] ALT attribute is missing for : col2-img
12:06:58,019 WARN  [org.apache.myfaces.shared_impl.renderkit.html.HtmlImageRendererBase] ALT attribute is missing for : col2-img
12:06:59,664 WARN  [org.apache.myfaces.shared_impl.renderkit.html.HtmlImageRendererBase] ALT attribute is missing for : space-logo
12:06:59,665 WARN  [org.apache.myfaces.shared_impl.renderkit.html.HtmlImageRendererBase] ALT attribute is missing for : img-rule
12:06:59,732 WARN  [org.apache.myfaces.shared_impl.renderkit.html.HtmlImageRendererBase] ALT attribute is missing for : col11-img
12:06:59,755 WARN  [org.apache.myfaces.shared_impl.renderkit.html.HtmlImageRendererBase] ALT attribute is missing for : col11-img
12:06:59,763 WARN  [org.apache.myfaces.shared_impl.renderkit.html.HtmlImageRendererBase] ALT attribute is missing for : col11-img
12:06:59,771 WARN  [org.apache.myfaces.shared_impl.renderkit.html.HtmlImageRendererBase] ALT attribute is missing for : col11-img
12:06:59,779 WARN  [org.apache.myfaces.shared_impl.renderkit.html.HtmlImageRendererBase] ALT attribute is missing for : col11-img
12:06:59,785 WARN  [org.apache.myfaces.shared_impl.renderkit.html.HtmlImageRendererBase] ALT attribute is missing for : col11-img
12:06:59,793 WARN  [org.apache.myfaces.shared_impl.renderkit.html.HtmlImageRendererBase] ALT attribute is missing for : col11-img
12:06:59,800 WARN  [org.apache.myfaces.shared_impl.renderkit.html.HtmlImageRendererBase] ALT attribute is missing for : col11-img
12:06:59,808 WARN  [org.apache.myfaces.shared_impl.renderkit.html.HtmlImageRendererBase] ALT attribute is missing for : col11-img
12:20:44,620 INFO  [org.alfresco.repo.management.subsystems.ChildApplicationContextFactory] Starting 'Transformers' subsystem, ID: [Transformers, default]
12:20:44,733 ERROR [org.alfresco.repo.content.transform.TransformerConfigDynamicTransformers] Cannot create dynamic transformer transformer.complex.JodConverter.Image as sub transformers could not be found or created ("JodConverter.2Pdf|pdf|complex.PDF.Image").
12:20:44,733 ERROR [org.alfresco.repo.content.transform.TransformerConfigDynamicTransformers] Cannot create dynamic transformer transformer.complex.JodConverter.Pdf2swf as sub transformers could not be found or created ("JodConverter.2Pdf|pdf|Pdf2swf").
12:20:44,733 ERROR [org.alfresco.repo.content.transform.TransformerConfigDynamicTransformers] Cannot create dynamic transformer transformer.JodConverter.Html2Pdf as sub transformers could not be found or created ("JodConverter|odt|JodConverter").
12:20:44,733 ERROR [org.alfresco.repo.content.transform.TransformerConfigDynamicTransformers] Cannot create dynamic transformer transformer.JodConverter.2Pdf as sub transformers could not be found or created ("JodConverter|JodConverter.Html2Pdf").
12:20:44,733 ERROR [org.alfresco.repo.content.transform.TransformerConfigDynamicTransformers] Cannot create dynamic transformer transformer.complex.JodConverter.PdfBox as sub transformers could not be found or created ("JodConverter.2Pdf|pdf|PdfBox").
12:20:44,849 INFO  [org.alfresco.repo.management.subsystems.ChildApplicationContextFactory] Startup of 'Transformers' subsystem, ID: [Transformers, default] complete
13:33:11,103 INFO  [org.springframework.extensions.webscripts.DeclarativeRegistry] Registered 494 Web Scripts (+0 failed), 776 URLs
13:33:11,103 INFO  [org.springframework.extensions.webscripts.DeclarativeRegistry] Registered 2 Package Description Documents (+0 failed) 
13:33:11,103 INFO  [org.springframework.extensions.webscripts.DeclarativeRegistry] Registered 1 Schema Description Documents (+0 failed) 
13:33:11,108 INFO  [org.springframework.extensions.webscripts.AbstractRuntimeContainer] Initialised Repository Web Script Container (in 10780.552ms)
13:33:17,312 INFO  [org.springframework.extensions.webscripts.DeclarativeRegistry] Registered 494 Web Scripts (+0 failed), 776 URLs
13:33:17,313 INFO  [org.springframework.extensions.webscripts.DeclarativeRegistry] Registered 2 Package Description Documents (+0 failed) 
13:33:17,313 INFO  [org.springframework.extensions.webscripts.DeclarativeRegistry] Registered 1 Schema Description Documents (+0 failed) 
13:58:33,707 WARN  [org.apache.myfaces.shared_impl.renderkit.html.HtmlImageRendererBase] ALT attribute is missing for : _idJsp6
13:58:35,466 WARN  [org.apache.myfaces.shared_impl.renderkit.html.HtmlImageRendererBase] ALT attribute is missing for : space-logo
13:58:35,469 WARN  [org.apache.myfaces.shared_impl.renderkit.html.HtmlImageRendererBase] ALT attribute is missing for : img-rule
13:58:35,509 WARN  [org.apache.myfaces.shared_impl.renderkit.html.HtmlImageRendererBase] ALT attribute is missing for : col2-img
13:58:35,518 WARN  [org.apache.myfaces.shared_impl.renderkit.html.HtmlImageRendererBase] ALT attribute is missing for : col2-img
13:58:35,525 WARN  [org.apache.myfaces.shared_impl.renderkit.html.HtmlImageRendererBase] ALT attribute is missing for : col2-img
13:58:35,530 WARN  [org.apache.myfaces.shared_impl.renderkit.html.HtmlImageRendererBase] ALT attribute is missing for : col2-img
13:58:35,534 WARN  [org.apache.myfaces.shared_impl.renderkit.html.HtmlImageRendererBase] ALT attribute is missing for : col2-img
13:58:35,538 WARN  [org.apache.myfaces.shared_impl.renderkit.html.HtmlImageRendererBase] ALT attribute is missing for : col2-img
13:58:35,549 WARN  [org.apache.myfaces.shared_impl.renderkit.html.HtmlImageRendererBase] ALT attribute is missing for : col2-img
13:58:35,554 WARN  [org.apache.myfaces.shared_impl.renderkit.html.HtmlImageRendererBase] ALT attribute is missing for : col2-img
13:58:37,042 WARN  [org.apache.myfaces.shared_impl.renderkit.html.HtmlImageRendererBase] ALT attribute is missing for : dialog-logo
13:58:39,303 WARN  [org.apache.myfaces.shared_impl.renderkit.html.HtmlImageRendererBase] ALT attribute is missing for : space-logo
13:58:39,303 WARN  [org.apache.myfaces.shared_impl.renderkit.html.HtmlImageRendererBase] ALT attribute is missing for : img-rule
13:58:39,326 WARN  [org.apache.myfaces.shared_impl.renderkit.html.HtmlImageRendererBase] ALT attribute is missing for : col2-img
13:58:39,333 WARN  [org.apache.myfaces.shared_impl.renderkit.html.HtmlImageRendererBase] ALT attribute is missing for : col2-img
13:58:39,341 WARN  [org.apache.myfaces.shared_impl.renderkit.html.HtmlImageRendererBase] ALT attribute is missing for : col2-img
13:58:39,346 WARN  [org.apache.myfaces.shared_impl.renderkit.html.HtmlImageRendererBase] ALT attribute is missing for : col2-img
13:58:39,352 WARN  [org.apache.myfaces.shared_impl.renderkit.html.HtmlImageRendererBase] ALT attribute is missing for : col2-img
13:58:39,357 WARN  [org.apache.myfaces.shared_impl.renderkit.html.HtmlImageRendererBase] ALT attribute is missing for : col2-img
13:58:39,366 WARN  [org.apache.myfaces.shared_impl.renderkit.html.HtmlImageRendererBase] ALT attribute is missing for : col2-img
13:58:39,371 WARN  [org.apache.myfaces.shared_impl.renderkit.html.HtmlImageRendererBase] ALT attribute is missing for : col2-img
13:58:41,023 WARN  [org.apache.myfaces.shared_impl.renderkit.html.HtmlImageRendererBase] ALT attribute is missing for : space-logo
13:58:41,025 WARN  [org.apache.myfaces.shared_impl.renderkit.html.HtmlImageRendererBase] ALT attribute is missing for : img-rule
13:58:41,060 WARN  [org.apache.myfaces.shared_impl.renderkit.html.HtmlImageRendererBase] ALT attribute is missing for : col11-img
13:58:41,074 WARN  [org.apache.myfaces.shared_impl.renderkit.html.HtmlImageRendererBase] ALT attribute is missing for : col11-img
13:58:41,083 WARN  [org.apache.myfaces.shared_impl.renderkit.html.HtmlImageRendererBase] ALT attribute is missing for : col11-img
13:58:41,089 WARN  [org.apache.myfaces.shared_impl.renderkit.html.HtmlImageRendererBase] ALT attribute is missing for : col11-img
13:58:41,096 WARN  [org.apache.myfaces.shared_impl.renderkit.html.HtmlImageRendererBase] ALT attribute is missing for : col11-img
13:58:41,103 WARN  [org.apache.myfaces.shared_impl.renderkit.html.HtmlImageRendererBase] ALT attribute is missing for : col11-img
13:58:41,110 WARN  [org.apache.myfaces.shared_impl.renderkit.html.HtmlImageRendererBase] ALT attribute is missing for : col11-img
13:58:41,117 WARN  [org.apache.myfaces.shared_impl.renderkit.html.HtmlImageRendererBase] ALT attribute is missing for : col11-img
13:58:41,123 WARN  [org.apache.myfaces.shared_impl.renderkit.html.HtmlImageRendererBase] ALT attribute is missing for : col11-img
13:58:42,477 WARN  [org.apache.myfaces.shared_impl.renderkit.html.HtmlImageRendererBase] ALT attribute is missing for : dialog-logo
13:58:47,477 WARN  [org.apache.myfaces.shared_impl.renderkit.html.HtmlImageRendererBase] ALT attribute is missing for : space-logo
13:58:47,478 WARN  [org.apache.myfaces.shared_impl.renderkit.html.HtmlImageRendererBase] ALT attribute is missing for : img-rule
13:58:47,508 WARN  [org.apache.myfaces.shared_impl.renderkit.html.HtmlImageRendererBase] ALT attribute is missing for : col11-img
13:58:47,519 WARN  [org.apache.myfaces.shared_impl.renderkit.html.HtmlImageRendererBase] ALT attribute is missing for : col11-img
13:58:47,524 WARN  [org.apache.myfaces.shared_impl.renderkit.html.HtmlImageRendererBase] ALT attribute is missing for : col11-img
13:58:47,532 WARN  [org.apache.myfaces.shared_impl.renderkit.html.HtmlImageRendererBase] ALT attribute is missing for : col11-img
13:58:47,539 WARN  [org.apache.myfaces.shared_impl.renderkit.html.HtmlImageRendererBase] ALT attribute is missing for : col11-img
13:58:47,546 WARN  [org.apache.myfaces.shared_impl.renderkit.html.HtmlImageRendererBase] ALT attribute is missing for : col11-img
13:58:47,555 WARN  [org.apache.myfaces.shared_impl.renderkit.html.HtmlImageRendererBase] ALT attribute is missing for : col11-img
13:58:47,563 WARN  [org.apache.myfaces.shared_impl.renderkit.html.HtmlImageRendererBase] ALT attribute is missing for : col11-img
13:58:47,570 WARN  [org.apache.myfaces.shared_impl.renderkit.html.HtmlImageRendererBase] ALT attribute is missing for : col11-img
13:58:49,280 WARN  [org.apache.myfaces.shared_impl.renderkit.html.HtmlImageRendererBase] ALT attribute is missing for : dialog-logo
13:58:51,746 WARN  [org.apache.myfaces.shared_impl.renderkit.html.HtmlImageRendererBase] ALT attribute is missing for : space-logo
13:58:51,747 WARN  [org.apache.myfaces.shared_impl.renderkit.html.HtmlImageRendererBase] ALT attribute is missing for : img-rule
13:58:51,776 WARN  [org.apache.myfaces.shared_impl.renderkit.html.HtmlImageRendererBase] ALT attribute is missing for : col11-img
13:58:51,787 WARN  [org.apache.myfaces.shared_impl.renderkit.html.HtmlImageRendererBase] ALT attribute is missing for : col11-img
13:58:51,794 WARN  [org.apache.myfaces.shared_impl.renderkit.html.HtmlImageRendererBase] ALT attribute is missing for : col11-img
13:58:51,801 WARN  [org.apache.myfaces.shared_impl.renderkit.html.HtmlImageRendererBase] ALT attribute is missing for : col11-img
13:58:51,809 WARN  [org.apache.myfaces.shared_impl.renderkit.html.HtmlImageRendererBase] ALT attribute is missing for : col11-img
13:58:51,818 WARN  [org.apache.myfaces.shared_impl.renderkit.html.HtmlImageRendererBase] ALT attribute is missing for : col11-img
13:58:51,827 WARN  [org.apache.myfaces.shared_impl.renderkit.html.HtmlImageRendererBase] ALT attribute is missing for : col11-img
13:58:51,835 WARN  [org.apache.myfaces.shared_impl.renderkit.html.HtmlImageRendererBase] ALT attribute is missing for : col11-img
13:58:51,844 WARN  [org.apache.myfaces.shared_impl.renderkit.html.HtmlImageRendererBase] ALT attribute is missing for : col11-img
13:58:53,254 WARN  [org.apache.myfaces.shared_impl.renderkit.html.HtmlImageRendererBase] ALT attribute is missing for : dialog-logo
13:58:55,254 WARN  [org.apache.myfaces.shared_impl.renderkit.html.HtmlImageRendererBase] ALT attribute is missing for : space-logo
13:58:55,255 WARN  [org.apache.myfaces.shared_impl.renderkit.html.HtmlImageRendererBase] ALT attribute is missing for : img-rule
13:58:55,288 WARN  [org.apache.myfaces.shared_impl.renderkit.html.HtmlImageRendererBase] ALT attribute is missing for : col11-img
13:58:55,300 WARN  [org.apache.myfaces.shared_impl.renderkit.html.HtmlImageRendererBase] ALT attribute is missing for : col11-img
13:58:55,309 WARN  [org.apache.myfaces.shared_impl.renderkit.html.HtmlImageRendererBase] ALT attribute is missing for : col11-img
13:58:55,316 WARN  [org.apache.myfaces.shared_impl.renderkit.html.HtmlImageRendererBase] ALT attribute is missing for : col11-img
13:58:55,323 WARN  [org.apache.myfaces.shared_impl.renderkit.html.HtmlImageRendererBase] ALT attribute is missing for : col11-img
13:58:55,333 WARN  [org.apache.myfaces.shared_impl.renderkit.html.HtmlImageRendererBase] ALT attribute is missing for : col11-img
13:58:55,340 WARN  [org.apache.myfaces.shared_impl.renderkit.html.HtmlImageRendererBase] ALT attribute is missing for : col11-img
13:58:55,347 WARN  [org.apache.myfaces.shared_impl.renderkit.html.HtmlImageRendererBase] ALT attribute is missing for : col11-img
13:58:55,354 WARN  [org.apache.myfaces.shared_impl.renderkit.html.HtmlImageRendererBase] ALT attribute is missing for : col11-img
13:58:57,060 WARN  [org.apache.myfaces.shared_impl.renderkit.html.HtmlImageRendererBase] ALT attribute is missing for : dialog-logo
13:58:59,051 WARN  [org.apache.myfaces.shared_impl.renderkit.html.HtmlImageRendererBase] ALT attribute is missing for : space-logo
13:58:59,052 WARN  [org.apache.myfaces.shared_impl.renderkit.html.HtmlImageRendererBase] ALT attribute is missing for : img-rule
13:58:59,074 WARN  [org.apache.myfaces.shared_impl.renderkit.html.HtmlImageRendererBase] ALT attribute is missing for : col11-img
13:58:59,084 WARN  [org.apache.myfaces.shared_impl.renderkit.html.HtmlImageRendererBase] ALT attribute is missing for : col11-img
13:58:59,091 WARN  [org.apache.myfaces.shared_impl.renderkit.html.HtmlImageRendererBase] ALT attribute is missing for : col11-img
13:58:59,100 WARN  [org.apache.myfaces.shared_impl.renderkit.html.HtmlImageRendererBase] ALT attribute is missing for : col11-img
13:58:59,109 WARN  [org.apache.myfaces.shared_impl.renderkit.html.HtmlImageRendererBase] ALT attribute is missing for : col11-img
13:58:59,117 WARN  [org.apache.myfaces.shared_impl.renderkit.html.HtmlImageRendererBase] ALT attribute is missing for : col11-img
13:58:59,124 WARN  [org.apache.myfaces.shared_impl.renderkit.html.HtmlImageRendererBase] ALT attribute is missing for : col11-img
13:58:59,131 WARN  [org.apache.myfaces.shared_impl.renderkit.html.HtmlImageRendererBase] ALT attribute is missing for : col11-img
13:59:00,482 WARN  [org.apache.myfaces.shared_impl.renderkit.html.HtmlImageRendererBase] ALT attribute is missing for : dialog-logo
13:59:02,398 WARN  [org.apache.myfaces.shared_impl.renderkit.html.HtmlImageRendererBase] ALT attribute is missing for : space-logo
13:59:02,399 WARN  [org.apache.myfaces.shared_impl.renderkit.html.HtmlImageRendererBase] ALT attribute is missing for : img-rule
13:59:02,425 WARN  [org.apache.myfaces.shared_impl.renderkit.html.HtmlImageRendererBase] ALT attribute is missing for : col11-img
13:59:02,435 WARN  [org.apache.myfaces.shared_impl.renderkit.html.HtmlImageRendererBase] ALT attribute is missing for : col11-img
13:59:02,442 WARN  [org.apache.myfaces.shared_impl.renderkit.html.HtmlImageRendererBase] ALT attribute is missing for : col11-img
13:59:02,448 WARN  [org.apache.myfaces.shared_impl.renderkit.html.HtmlImageRendererBase] ALT attribute is missing for : col11-img
13:59:02,454 WARN  [org.apache.myfaces.shared_impl.renderkit.html.HtmlImageRendererBase] ALT attribute is missing for : col11-img
13:59:02,461 WARN  [org.apache.myfaces.shared_impl.renderkit.html.HtmlImageRendererBase] ALT attribute is missing for : col11-img
13:59:02,478 WARN  [org.apache.myfaces.shared_impl.renderkit.html.HtmlImageRendererBase] ALT attribute is missing for : col11-img
13:59:03,916 WARN  [org.apache.myfaces.shared_impl.renderkit.html.HtmlImageRendererBase] ALT attribute is missing for : dialog-logo
13:59:05,795 WARN  [org.apache.myfaces.shared_impl.renderkit.html.HtmlImageRendererBase] ALT attribute is missing for : space-logo
13:59:05,796 WARN  [org.apache.myfaces.shared_impl.renderkit.html.HtmlImageRendererBase] ALT attribute is missing for : img-rule
13:59:05,824 WARN  [org.apache.myfaces.shared_impl.renderkit.html.HtmlImageRendererBase] ALT attribute is missing for : col11-img
13:59:05,836 WARN  [org.apache.myfaces.shared_impl.renderkit.html.HtmlImageRendererBase] ALT attribute is missing for : col11-img
13:59:05,844 WARN  [org.apache.myfaces.shared_impl.renderkit.html.HtmlImageRendererBase] ALT attribute is missing for : col11-img
13:59:05,851 WARN  [org.apache.myfaces.shared_impl.renderkit.html.HtmlImageRendererBase] ALT attribute is missing for : col11-img
13:59:05,859 WARN  [org.apache.myfaces.shared_impl.renderkit.html.HtmlImageRendererBase] ALT attribute is missing for : col11-img
13:59:05,866 WARN  [org.apache.myfaces.shared_impl.renderkit.html.HtmlImageRendererBase] ALT attribute is missing for : col11-img
13:59:07,061 WARN  [org.apache.myfaces.shared_impl.renderkit.html.HtmlImageRendererBase] ALT attribute is missing for : dialog-logo
13:59:08,849 WARN  [org.apache.myfaces.shared_impl.renderkit.html.HtmlImageRendererBase] ALT attribute is missing for : space-logo
13:59:08,850 WARN  [org.apache.myfaces.shared_impl.renderkit.html.HtmlImageRendererBase] ALT attribute is missing for : img-rule
13:59:08,872 WARN  [org.apache.myfaces.shared_impl.renderkit.html.HtmlImageRendererBase] ALT attribute is missing for : col11-img
13:59:08,882 WARN  [org.apache.myfaces.shared_impl.renderkit.html.HtmlImageRendererBase] ALT attribute is missing for : col11-img
13:59:08,889 WARN  [org.apache.myfaces.shared_impl.renderkit.html.HtmlImageRendererBase] ALT attribute is missing for : col11-img
13:59:08,895 WARN  [org.apache.myfaces.shared_impl.renderkit.html.HtmlImageRendererBase] ALT attribute is missing for : col11-img
13:59:08,901 WARN  [org.apache.myfaces.shared_impl.renderkit.html.HtmlImageRendererBase] ALT attribute is missing for : col11-img
13:59:10,226 WARN  [org.apache.myfaces.shared_impl.renderkit.html.HtmlImageRendererBase] ALT attribute is missing for : dialog-logo
13:59:12,206 WARN  [org.apache.myfaces.shared_impl.renderkit.html.HtmlImageRendererBase] ALT attribute is missing for : space-logo
13:59:12,207 WARN  [org.apache.myfaces.shared_impl.renderkit.html.HtmlImageRendererBase] ALT attribute is missing for : img-rule
13:59:12,224 WARN  [org.apache.myfaces.shared_impl.renderkit.html.HtmlImageRendererBase] ALT attribute is missing for : col11-img
13:59:12,232 WARN  [org.apache.myfaces.shared_impl.renderkit.html.HtmlImageRendererBase] ALT attribute is missing for : col11-img
13:59:12,239 WARN  [org.apache.myfaces.shared_impl.renderkit.html.HtmlImageRendererBase] ALT attribute is missing for : col11-img
13:59:12,245 WARN  [org.apache.myfaces.shared_impl.renderkit.html.HtmlImageRendererBase] ALT attribute is missing for : col11-img
13:59:16,637 WARN  [org.apache.myfaces.shared_impl.renderkit.html.HtmlImageRendererBase] ALT attribute is missing for : dialog-logo
13:59:18,806 WARN  [org.apache.myfaces.shared_impl.renderkit.html.HtmlImageRendererBase] ALT attribute is missing for : space-logo
13:59:18,807 WARN  [org.apache.myfaces.shared_impl.renderkit.html.HtmlImageRendererBase] ALT attribute is missing for : img-rule
13:59:18,824 WARN  [org.apache.myfaces.shared_impl.renderkit.html.HtmlImageRendererBase] ALT attribute is missing for : col11-img
13:59:18,835 WARN  [org.apache.myfaces.shared_impl.renderkit.html.HtmlImageRendererBase] ALT attribute is missing for : col11-img
13:59:18,841 WARN  [org.apache.myfaces.shared_impl.renderkit.html.HtmlImageRendererBase] ALT attribute is missing for : col11-img
17:22:57,819 ERROR [org.springframework.extensions.webscripts.AbstractRuntime] Exception from executeScript - redirecting to status template error: 01250002 Wrapped Exception (with status template): 01250034 Failed to execute script 'classpath*:alfresco/extension/templates/webscripts/createAutoDeal.post.json.js': For input string: "xcv"
org.springframework.extensions.webscripts.WebScriptException: 01250002 Wrapped Exception (with status template): 01250034 Failed to execute script 'classpath*:alfresco/extension/templates/webscripts/createAutoDeal.post.json.js': For input string: "xcv"
	at org.springframework.extensions.webscripts.AbstractWebScript.createStatusException(AbstractWebScript.java:1067)
	at org.springframework.extensions.webscripts.DeclarativeWebScript.execute(DeclarativeWebScript.java:171)
	at org.alfresco.repo.web.scripts.RepositoryContainer$3.execute(RepositoryContainer.java:429)
	at org.alfresco.repo.transaction.RetryingTransactionHelper.doInTransaction(RetryingTransactionHelper.java:452)
	at org.alfresco.repo.web.scripts.RepositoryContainer.transactionedExecute(RepositoryContainer.java:491)
	at org.alfresco.repo.web.scripts.RepositoryContainer.transactionedExecuteAs(RepositoryContainer.java:529)
	at org.alfresco.repo.web.scripts.RepositoryContainer.executeScript(RepositoryContainer.java:341)
	at org.springframework.extensions.webscripts.AbstractRuntime.executeScript(AbstractRuntime.java:378)
	at org.springframework.extensions.webscripts.AbstractRuntime.executeScript(AbstractRuntime.java:209)
	at org.springframework.extensions.webscripts.servlet.WebScriptServlet.service(WebScriptServlet.java:132)
	at javax.servlet.http.HttpServlet.service(HttpServlet.java:728)
	at org.apache.catalina.core.ApplicationFilterChain.internalDoFilter(ApplicationFilterChain.java:305)
	at org.apache.catalina.core.ApplicationFilterChain.doFilter(ApplicationFilterChain.java:210)
	at org.alfresco.web.app.servlet.GlobalLocalizationFilter.doFilter(GlobalLocalizationFilter.java:61)
	at org.apache.catalina.core.ApplicationFilterChain.internalDoFilter(ApplicationFilterChain.java:243)
	at org.apache.catalina.core.ApplicationFilterChain.doFilter(ApplicationFilterChain.java:210)
	at org.apache.catalina.core.StandardWrapperValve.invoke(StandardWrapperValve.java:222)
	at org.apache.catalina.core.StandardContextValve.invoke(StandardContextValve.java:123)
	at org.apache.catalina.authenticator.AuthenticatorBase.invoke(AuthenticatorBase.java:472)
	at org.apache.catalina.core.StandardHostValve.invoke(StandardHostValve.java:171)
	at org.apache.catalina.valves.ErrorReportValve.invoke(ErrorReportValve.java:99)
	at org.apache.catalina.valves.AccessLogValve.invoke(AccessLogValve.java:936)
	at org.apache.catalina.core.StandardEngineValve.invoke(StandardEngineValve.java:118)
	at org.apache.catalina.connector.CoyoteAdapter.service(CoyoteAdapter.java:407)
	at org.apache.coyote.http11.AbstractHttp11Processor.process(AbstractHttp11Processor.java:1004)
	at org.apache.coyote.AbstractProtocol$AbstractConnectionHandler.process(AbstractProtocol.java:589)
	at org.apache.tomcat.util.net.JIoEndpoint$SocketProcessor.run(JIoEndpoint.java:312)
	at java.util.concurrent.ThreadPoolExecutor.runWorker(ThreadPoolExecutor.java:1145)
	at java.util.concurrent.ThreadPoolExecutor$Worker.run(ThreadPoolExecutor.java:615)
	at java.lang.Thread.run(Thread.java:745)
Caused by: org.alfresco.scripts.ScriptException: 01250034 Failed to execute script 'classpath*:alfresco/extension/templates/webscripts/createAutoDeal.post.json.js': For input string: "xcv"
	at org.alfresco.repo.jscript.RhinoScriptProcessor.execute(RhinoScriptProcessor.java:204)
	at org.alfresco.repo.processor.ScriptServiceImpl.execute(ScriptServiceImpl.java:212)
	at org.alfresco.repo.processor.ScriptServiceImpl.executeScript(ScriptServiceImpl.java:174)
	at org.alfresco.repo.web.scripts.RepositoryScriptProcessor.executeScript(RepositoryScriptProcessor.java:102)
	at org.springframework.extensions.webscripts.AbstractWebScript.executeScript(AbstractWebScript.java:1305)
	at org.springframework.extensions.webscripts.DeclarativeWebScript.execute(DeclarativeWebScript.java:86)
	... 28 more
Caused by: java.lang.NumberFormatException: For input string: "xcv"
	at java.lang.NumberFormatException.forInputString(NumberFormatException.java:65)
	at java.lang.Integer.parseInt(Integer.java:492)
	at java.lang.Integer.valueOf(Integer.java:582)
	at org.alfresco.service.cmr.repository.datatype.DefaultTypeConverter$7.convert(DefaultTypeConverter.java:149)
	at org.alfresco.service.cmr.repository.datatype.DefaultTypeConverter$7.convert(DefaultTypeConverter.java:146)
	at org.alfresco.service.cmr.repository.datatype.TypeConverter.convert(TypeConverter.java:112)
	at org.alfresco.repo.domain.node.NodePropertyValue$ValueType$3.convert(NodePropertyValue.java:147)
	at org.alfresco.repo.domain.node.NodePropertyValue.<init>(NodePropertyValue.java:864)
	at org.alfresco.repo.domain.node.NodePropertyHelper.makeNodePropertyValue(NodePropertyHelper.java:316)
	at org.alfresco.repo.domain.node.NodePropertyHelper.addValueToPersistedProperties(NodePropertyHelper.java:276)
	at org.alfresco.repo.domain.node.NodePropertyHelper.convertToPersistentProperties(NodePropertyHelper.java:97)
	at org.alfresco.repo.domain.node.AbstractNodeDAOImpl.setNodePropertiesImpl(AbstractNodeDAOImpl.java:2234)
	at org.alfresco.repo.domain.node.AbstractNodeDAOImpl.setNodeProperties(AbstractNodeDAOImpl.java:2393)
	at org.alfresco.repo.node.db.DbNodeServiceImpl.addAspectsAndProperties(DbNodeServiceImpl.java:548)
	at org.alfresco.repo.node.db.DbNodeServiceImpl.addAspectsAndProperties(DbNodeServiceImpl.java:455)
	at org.alfresco.repo.node.db.DbNodeServiceImpl.setProperties(DbNodeServiceImpl.java:1657)
	at sun.reflect.GeneratedMethodAccessor321.invoke(Unknown Source)
	at sun.reflect.DelegatingMethodAccessorImpl.invoke(DelegatingMethodAccessorImpl.java:43)
	at java.lang.reflect.Method.invoke(Method.java:606)
	at org.springframework.aop.support.AopUtils.invokeJoinpointUsingReflection(AopUtils.java:309)
	at org.springframework.aop.framework.ReflectiveMethodInvocation.invokeJoinpoint(ReflectiveMethodInvocation.java:183)
	at org.springframework.aop.framework.ReflectiveMethodInvocation.proceed(ReflectiveMethodInvocation.java:150)
	at org.alfresco.repo.tenant.MultiTNodeServiceInterceptor.invoke(MultiTNodeServiceInterceptor.java:104)
	at org.springframework.aop.framework.ReflectiveMethodInvocation.proceed(ReflectiveMethodInvocation.java:172)
	at org.springframework.aop.framework.JdkDynamicAopProxy.invoke(JdkDynamicAopProxy.java:202)
	at com.sun.proxy.$Proxy26.setProperties(Unknown Source)
	at sun.reflect.GeneratedMethodAccessor321.invoke(Unknown Source)
	at sun.reflect.DelegatingMethodAccessorImpl.invoke(DelegatingMethodAccessorImpl.java:43)
	at java.lang.reflect.Method.invoke(Method.java:606)
	at org.alfresco.repo.service.StoreRedirectorProxyFactory$RedirectorInvocationHandler.invoke(StoreRedirectorProxyFactory.java:215)
	at com.sun.proxy.$Proxy44.setProperties(Unknown Source)
	at org.alfresco.repo.node.MLPropertyInterceptor.invoke(MLPropertyInterceptor.java:215)
	at org.springframework.aop.framework.ReflectiveMethodInvocation.proceed(ReflectiveMethodInvocation.java:172)
	at org.alfresco.repo.lock.mem.LockableAspectInterceptor.invoke(LockableAspectInterceptor.java:194)
	at org.springframework.aop.framework.ReflectiveMethodInvocation.proceed(ReflectiveMethodInvocation.java:172)
	at org.alfresco.repo.node.NodeRefPropertyMethodInterceptor.invoke(NodeRefPropertyMethodInterceptor.java:244)
	at org.springframework.aop.framework.ReflectiveMethodInvocation.proceed(ReflectiveMethodInvocation.java:172)
	at org.springframework.aop.framework.JdkDynamicAopProxy.invoke(JdkDynamicAopProxy.java:202)
	at com.sun.proxy.$Proxy26.setProperties(Unknown Source)
	at sun.reflect.GeneratedMethodAccessor321.invoke(Unknown Source)
	at sun.reflect.DelegatingMethodAccessorImpl.invoke(DelegatingMethodAccessorImpl.java:43)
	at java.lang.reflect.Method.invoke(Method.java:606)
	at org.springframework.aop.support.AopUtils.invokeJoinpointUsingReflection(AopUtils.java:309)
	at org.springframework.aop.framework.JdkDynamicAopProxy.invoke(JdkDynamicAopProxy.java:196)
	at com.sun.proxy.$Proxy26.setProperties(Unknown Source)
	at sun.reflect.GeneratedMethodAccessor321.invoke(Unknown Source)
	at sun.reflect.DelegatingMethodAccessorImpl.invoke(DelegatingMethodAccessorImpl.java:43)
	at java.lang.reflect.Method.invoke(Method.java:606)
	at org.springframework.aop.support.AopUtils.invokeJoinpointUsingReflection(AopUtils.java:309)
	at org.springframework.aop.framework.ReflectiveMethodInvocation.invokeJoinpoint(ReflectiveMethodInvocation.java:183)
	at org.springframework.aop.framework.ReflectiveMethodInvocation.proceed(ReflectiveMethodInvocation.java:150)
	at org.alfresco.repo.audit.DisableAuditableBehaviourInterceptor.invoke(DisableAuditableBehaviourInterceptor.java:113)
	at org.springframework.aop.framework.ReflectiveMethodInvocation.proceed(ReflectiveMethodInvocation.java:172)
	at net.sf.acegisecurity.intercept.method.aopalliance.MethodSecurityInterceptor.invoke(MethodSecurityInterceptor.java:80)
	at org.springframework.aop.framework.ReflectiveMethodInvocation.proceed(ReflectiveMethodInvocation.java:172)
	at org.alfresco.repo.security.permissions.impl.ExceptionTranslatorMethodInterceptor.invoke(ExceptionTranslatorMethodInterceptor.java:46)
	at org.springframework.aop.framework.ReflectiveMethodInvocation.proceed(ReflectiveMethodInvocation.java:172)
	at org.alfresco.repo.audit.AuditMethodInterceptor.invoke(AuditMethodInterceptor.java:161)
	at org.springframework.aop.framework.ReflectiveMethodInvocation.proceed(ReflectiveMethodInvocation.java:172)
	at org.alfresco.repo.transaction.RetryingTransactionInterceptor$1.execute(RetryingTransactionInterceptor.java:79)
	at org.alfresco.repo.transaction.RetryingTransactionHelper.doInTransaction(RetryingTransactionHelper.java:452)
	at org.alfresco.repo.transaction.RetryingTransactionInterceptor.invoke(RetryingTransactionInterceptor.java:69)
	at org.springframework.aop.framework.ReflectiveMethodInvocation.proceed(ReflectiveMethodInvocation.java:172)
	at org.springframework.aop.framework.JdkDynamicAopProxy.invoke(JdkDynamicAopProxy.java:202)
	at com.sun.proxy.$Proxy26.setProperties(Unknown Source)
	at org.alfresco.repo.jscript.ScriptNode.save(ScriptNode.java:1692)
	at sun.reflect.NativeMethodAccessorImpl.invoke0(Native Method)
	at sun.reflect.NativeMethodAccessorImpl.invoke(NativeMethodAccessorImpl.java:57)
	at sun.reflect.DelegatingMethodAccessorImpl.invoke(DelegatingMethodAccessorImpl.java:43)
	at java.lang.reflect.Method.invoke(Method.java:606)
	at org.mozilla.javascript.MemberBox.invoke(MemberBox.java:155)
	at org.mozilla.javascript.NativeJavaMethod.call(NativeJavaMethod.java:243)
	at org.mozilla.javascript.optimizer.OptRuntime.callProp0(OptRuntime.java:119)
	at org.mozilla.javascript.gen.c7._c1(file:/C:/Users/mionkin/Documents/gitHub/alf/mvn-tutorial-repo/target/mvn-tutorial-repo-war/WEB-INF/classes/alfresco/extension/templates/webscripts/createAutoDeal.post.json.js:35)
	at org.mozilla.javascript.gen.c7.call(file:/C:/Users/mionkin/Documents/gitHub/alf/mvn-tutorial-repo/target/mvn-tutorial-repo-war/WEB-INF/classes/alfresco/extension/templates/webscripts/createAutoDeal.post.json.js)
	at org.mozilla.javascript.optimizer.OptRuntime.callName0(OptRuntime.java:108)
	at org.mozilla.javascript.gen.c7._c0(file:/C:/Users/mionkin/Documents/gitHub/alf/mvn-tutorial-repo/target/mvn-tutorial-repo-war/WEB-INF/classes/alfresco/extension/templates/webscripts/createAutoDeal.post.json.js:62)
	at org.mozilla.javascript.gen.c7.call(file:/C:/Users/mionkin/Documents/gitHub/alf/mvn-tutorial-repo/target/mvn-tutorial-repo-war/WEB-INF/classes/alfresco/extension/templates/webscripts/createAutoDeal.post.json.js)
	at org.mozilla.javascript.ContextFactory.doTopCall(ContextFactory.java:393)
	at org.mozilla.javascript.ScriptRuntime.doTopCall(ScriptRuntime.java:2834)
	at org.mozilla.javascript.gen.c7.call(file:/C:/Users/mionkin/Documents/gitHub/alf/mvn-tutorial-repo/target/mvn-tutorial-repo-war/WEB-INF/classes/alfresco/extension/templates/webscripts/createAutoDeal.post.json.js)
	at org.mozilla.javascript.gen.c7.exec(file:/C:/Users/mionkin/Documents/gitHub/alf/mvn-tutorial-repo/target/mvn-tutorial-repo-war/WEB-INF/classes/alfresco/extension/templates/webscripts/createAutoDeal.post.json.js)
	at org.alfresco.repo.jscript.RhinoScriptProcessor.executeScriptImpl(RhinoScriptProcessor.java:502)
	at org.alfresco.repo.jscript.RhinoScriptProcessor.execute(RhinoScriptProcessor.java:200)
	... 33 more
17:23:11,969 ERROR [org.alfresco.repo.node.integrity.IntegrityChecker] Found 2 integrity violations:
The association target multiplicity has been violated: 
   Source Node: workspace://SpacesStore/5b03ac8b-514a-47e9-9638-0b3ba60df6db
   Association: Association[ class=ClassDef[name={http://www.someco.com/automodel/1.0}autoDealOperation], name={http://www.someco.com/automodel/1.0}customer, target class={http://www.alfresco.org/model/content/1.0}person, source role=null, target role=null]
   Required target Multiplicity: 1..1
   Actual target Multiplicity: 0
The association target multiplicity has been violated: 
   Source Node: workspace://SpacesStore/5b03ac8b-514a-47e9-9638-0b3ba60df6db
   Association: Association[ class=ClassDef[name={http://www.someco.com/automodel/1.0}autoDealOperation], name={http://www.someco.com/automodel/1.0}seller, target class={http://www.alfresco.org/model/content/1.0}person, source role=null, target role=null]
   Required target Multiplicity: 1..1
   Actual target Multiplicity: 0
17:23:12,020 ERROR [org.springframework.extensions.webscripts.AbstractRuntime] Exception from executeScript - redirecting to status template error: 01250035 Found 2 integrity violations:
The association target multiplicity has been violated: 
   Source Node: workspace://SpacesStore/5b03ac8b-514a-47e9-9638-0b3ba60df6db
   Association: Association[ class=ClassDef[name={http://www.someco.com/automodel/1.0}autoDealOperation], name={http://www.someco.com/automodel/1.0}customer, target class={http://www.alfresco.org/model/content/1.0}person, source role=null, target role=null]
   Required target Multiplicity: 1..1
   Actual target Multiplicity: 0
The association target multiplicity has been violated: 
   Source Node: workspace://SpacesStore/5b03ac8b-514a-47e9-9638-0b3ba60df6db
   Association: Association[ class=ClassDef[name={http://www.someco.com/automodel/1.0}autoDealOperation], name={http://www.someco.com/automodel/1.0}seller, target class={http://www.alfresco.org/model/content/1.0}person, source role=null, target role=null]
   Required target Multiplicity: 1..1
   Actual target Multiplicity: 0
org.alfresco.repo.node.integrity.IntegrityException: 01250035 Found 2 integrity violations:
The association target multiplicity has been violated: 
   Source Node: workspace://SpacesStore/5b03ac8b-514a-47e9-9638-0b3ba60df6db
   Association: Association[ class=ClassDef[name={http://www.someco.com/automodel/1.0}autoDealOperation], name={http://www.someco.com/automodel/1.0}customer, target class={http://www.alfresco.org/model/content/1.0}person, source role=null, target role=null]
   Required target Multiplicity: 1..1
   Actual target Multiplicity: 0
The association target multiplicity has been violated: 
   Source Node: workspace://SpacesStore/5b03ac8b-514a-47e9-9638-0b3ba60df6db
   Association: Association[ class=ClassDef[name={http://www.someco.com/automodel/1.0}autoDealOperation], name={http://www.someco.com/automodel/1.0}seller, target class={http://www.alfresco.org/model/content/1.0}person, source role=null, target role=null]
   Required target Multiplicity: 1..1
   Actual target Multiplicity: 0
	at org.alfresco.repo.node.integrity.IntegrityChecker.checkIntegrity(IntegrityChecker.java:661)
	at org.alfresco.repo.transaction.AlfrescoTransactionSupport$TransactionSynchronizationImpl.beforeCommit(AlfrescoTransactionSupport.java:688)
	at org.springframework.transaction.support.TransactionSynchronizationUtils.triggerBeforeCommit(TransactionSynchronizationUtils.java:95)
	at org.springframework.transaction.support.AbstractPlatformTransactionManager.triggerBeforeCommit(AbstractPlatformTransactionManager.java:927)
	at org.springframework.transaction.support.AbstractPlatformTransactionManager.processCommit(AbstractPlatformTransactionManager.java:737)
	at org.springframework.transaction.support.AbstractPlatformTransactionManager.commit(AbstractPlatformTransactionManager.java:723)
	at org.springframework.transaction.interceptor.TransactionAspectSupport.commitTransactionAfterReturning(TransactionAspectSupport.java:393)
	at org.alfresco.util.transaction.SpringAwareUserTransaction.commit(SpringAwareUserTransaction.java:472)
	at org.alfresco.repo.transaction.RetryingTransactionHelper.doInTransaction(RetryingTransactionHelper.java:474)
	at org.alfresco.repo.web.scripts.RepositoryContainer.transactionedExecute(RepositoryContainer.java:491)
	at org.alfresco.repo.web.scripts.RepositoryContainer.transactionedExecuteAs(RepositoryContainer.java:529)
	at org.alfresco.repo.web.scripts.RepositoryContainer.executeScript(RepositoryContainer.java:341)
	at org.springframework.extensions.webscripts.AbstractRuntime.executeScript(AbstractRuntime.java:378)
	at org.springframework.extensions.webscripts.AbstractRuntime.executeScript(AbstractRuntime.java:209)
	at org.springframework.extensions.webscripts.servlet.WebScriptServlet.service(WebScriptServlet.java:132)
	at javax.servlet.http.HttpServlet.service(HttpServlet.java:728)
	at org.apache.catalina.core.ApplicationFilterChain.internalDoFilter(ApplicationFilterChain.java:305)
	at org.apache.catalina.core.ApplicationFilterChain.doFilter(ApplicationFilterChain.java:210)
	at org.alfresco.web.app.servlet.GlobalLocalizationFilter.doFilter(GlobalLocalizationFilter.java:61)
	at org.apache.catalina.core.ApplicationFilterChain.internalDoFilter(ApplicationFilterChain.java:243)
	at org.apache.catalina.core.ApplicationFilterChain.doFilter(ApplicationFilterChain.java:210)
	at org.apache.catalina.core.StandardWrapperValve.invoke(StandardWrapperValve.java:222)
	at org.apache.catalina.core.StandardContextValve.invoke(StandardContextValve.java:123)
	at org.apache.catalina.authenticator.AuthenticatorBase.invoke(AuthenticatorBase.java:472)
	at org.apache.catalina.core.StandardHostValve.invoke(StandardHostValve.java:171)
	at org.apache.catalina.valves.ErrorReportValve.invoke(ErrorReportValve.java:99)
	at org.apache.catalina.valves.AccessLogValve.invoke(AccessLogValve.java:936)
	at org.apache.catalina.core.StandardEngineValve.invoke(StandardEngineValve.java:118)
	at org.apache.catalina.connector.CoyoteAdapter.service(CoyoteAdapter.java:407)
	at org.apache.coyote.http11.AbstractHttp11Processor.process(AbstractHttp11Processor.java:1004)
	at org.apache.coyote.AbstractProtocol$AbstractConnectionHandler.process(AbstractProtocol.java:589)
	at org.apache.tomcat.util.net.JIoEndpoint$SocketProcessor.run(JIoEndpoint.java:312)
	at java.util.concurrent.ThreadPoolExecutor.runWorker(ThreadPoolExecutor.java:1145)
	at java.util.concurrent.ThreadPoolExecutor$Worker.run(ThreadPoolExecutor.java:615)
	at java.lang.Thread.run(Thread.java:745)
17:32:23,584 INFO  [org.springframework.extensions.webscripts.DeclarativeRegistry] Registered 494 Web Scripts (+0 failed), 776 URLs
17:32:23,585 INFO  [org.springframework.extensions.webscripts.DeclarativeRegistry] Registered 2 Package Description Documents (+0 failed) 
17:32:23,585 INFO  [org.springframework.extensions.webscripts.DeclarativeRegistry] Registered 1 Schema Description Documents (+0 failed) 
17:32:23,591 INFO  [org.springframework.extensions.webscripts.AbstractRuntimeContainer] Initialised Repository Web Script Container (in 6918.5103ms)
17:32:28,868 INFO  [org.springframework.extensions.webscripts.DeclarativeRegistry] Registered 494 Web Scripts (+0 failed), 776 URLs
17:32:28,869 INFO  [org.springframework.extensions.webscripts.DeclarativeRegistry] Registered 2 Package Description Documents (+0 failed) 
17:32:28,869 INFO  [org.springframework.extensions.webscripts.DeclarativeRegistry] Registered 1 Schema Description Documents (+0 failed) 
17:46:00,902 ERROR [org.alfresco.repo.node.integrity.IntegrityChecker] Found 2 integrity violations:
The association target multiplicity has been violated: 
   Source Node: workspace://SpacesStore/8441af9e-bf37-4bb1-8c24-86b82af82e12
   Association: Association[ class=ClassDef[name={http://www.someco.com/automodel/1.0}autoDealOperation], name={http://www.someco.com/automodel/1.0}seller, target class={http://www.alfresco.org/model/content/1.0}person, source role=null, target role=null]
   Required target Multiplicity: 1..1
   Actual target Multiplicity: 0
The association target multiplicity has been violated: 
   Source Node: workspace://SpacesStore/8441af9e-bf37-4bb1-8c24-86b82af82e12
   Association: Association[ class=ClassDef[name={http://www.someco.com/automodel/1.0}autoDealOperation], name={http://www.someco.com/automodel/1.0}customer, target class={http://www.alfresco.org/model/content/1.0}person, source role=null, target role=null]
   Required target Multiplicity: 1..1
   Actual target Multiplicity: 0
17:46:01,030 ERROR [org.springframework.extensions.webscripts.AbstractRuntime] Exception from executeScript - redirecting to status template error: 01250036 Found 2 integrity violations:
The association target multiplicity has been violated: 
   Source Node: workspace://SpacesStore/8441af9e-bf37-4bb1-8c24-86b82af82e12
   Association: Association[ class=ClassDef[name={http://www.someco.com/automodel/1.0}autoDealOperation], name={http://www.someco.com/automodel/1.0}seller, target class={http://www.alfresco.org/model/content/1.0}person, source role=null, target role=null]
   Required target Multiplicity: 1..1
   Actual target Multiplicity: 0
The association target multiplicity has been violated: 
   Source Node: workspace://SpacesStore/8441af9e-bf37-4bb1-8c24-86b82af82e12
   Association: Association[ class=ClassDef[name={http://www.someco.com/automodel/1.0}autoDealOperation], name={http://www.someco.com/automodel/1.0}customer, target class={http://www.alfresco.org/model/content/1.0}person, source role=null, target role=null]
   Required target Multiplicity: 1..1
   Actual target Multiplicity: 0
org.alfresco.repo.node.integrity.IntegrityException: 01250036 Found 2 integrity violations:
The association target multiplicity has been violated: 
   Source Node: workspace://SpacesStore/8441af9e-bf37-4bb1-8c24-86b82af82e12
   Association: Association[ class=ClassDef[name={http://www.someco.com/automodel/1.0}autoDealOperation], name={http://www.someco.com/automodel/1.0}seller, target class={http://www.alfresco.org/model/content/1.0}person, source role=null, target role=null]
   Required target Multiplicity: 1..1
   Actual target Multiplicity: 0
The association target multiplicity has been violated: 
   Source Node: workspace://SpacesStore/8441af9e-bf37-4bb1-8c24-86b82af82e12
   Association: Association[ class=ClassDef[name={http://www.someco.com/automodel/1.0}autoDealOperation], name={http://www.someco.com/automodel/1.0}customer, target class={http://www.alfresco.org/model/content/1.0}person, source role=null, target role=null]
   Required target Multiplicity: 1..1
   Actual target Multiplicity: 0
	at org.alfresco.repo.node.integrity.IntegrityChecker.checkIntegrity(IntegrityChecker.java:661)
	at org.alfresco.repo.transaction.AlfrescoTransactionSupport$TransactionSynchronizationImpl.beforeCommit(AlfrescoTransactionSupport.java:688)
	at org.springframework.transaction.support.TransactionSynchronizationUtils.triggerBeforeCommit(TransactionSynchronizationUtils.java:95)
	at org.springframework.transaction.support.AbstractPlatformTransactionManager.triggerBeforeCommit(AbstractPlatformTransactionManager.java:927)
	at org.springframework.transaction.support.AbstractPlatformTransactionManager.processCommit(AbstractPlatformTransactionManager.java:737)
	at org.springframework.transaction.support.AbstractPlatformTransactionManager.commit(AbstractPlatformTransactionManager.java:723)
	at org.springframework.transaction.interceptor.TransactionAspectSupport.commitTransactionAfterReturning(TransactionAspectSupport.java:393)
	at org.alfresco.util.transaction.SpringAwareUserTransaction.commit(SpringAwareUserTransaction.java:472)
	at org.alfresco.repo.transaction.RetryingTransactionHelper.doInTransaction(RetryingTransactionHelper.java:474)
	at org.alfresco.repo.web.scripts.RepositoryContainer.transactionedExecute(RepositoryContainer.java:491)
	at org.alfresco.repo.web.scripts.RepositoryContainer.transactionedExecuteAs(RepositoryContainer.java:529)
	at org.alfresco.repo.web.scripts.RepositoryContainer.executeScript(RepositoryContainer.java:341)
	at org.springframework.extensions.webscripts.AbstractRuntime.executeScript(AbstractRuntime.java:378)
	at org.springframework.extensions.webscripts.AbstractRuntime.executeScript(AbstractRuntime.java:209)
	at org.springframework.extensions.webscripts.servlet.WebScriptServlet.service(WebScriptServlet.java:132)
	at javax.servlet.http.HttpServlet.service(HttpServlet.java:728)
	at org.apache.catalina.core.ApplicationFilterChain.internalDoFilter(ApplicationFilterChain.java:305)
	at org.apache.catalina.core.ApplicationFilterChain.doFilter(ApplicationFilterChain.java:210)
	at org.alfresco.web.app.servlet.GlobalLocalizationFilter.doFilter(GlobalLocalizationFilter.java:61)
	at org.apache.catalina.core.ApplicationFilterChain.internalDoFilter(ApplicationFilterChain.java:243)
	at org.apache.catalina.core.ApplicationFilterChain.doFilter(ApplicationFilterChain.java:210)
	at org.apache.catalina.core.StandardWrapperValve.invoke(StandardWrapperValve.java:222)
	at org.apache.catalina.core.StandardContextValve.invoke(StandardContextValve.java:123)
	at org.apache.catalina.authenticator.AuthenticatorBase.invoke(AuthenticatorBase.java:472)
	at org.apache.catalina.core.StandardHostValve.invoke(StandardHostValve.java:171)
	at org.apache.catalina.valves.ErrorReportValve.invoke(ErrorReportValve.java:99)
	at org.apache.catalina.valves.AccessLogValve.invoke(AccessLogValve.java:936)
	at org.apache.catalina.core.StandardEngineValve.invoke(StandardEngineValve.java:118)
	at org.apache.catalina.connector.CoyoteAdapter.service(CoyoteAdapter.java:407)
	at org.apache.coyote.http11.AbstractHttp11Processor.process(AbstractHttp11Processor.java:1004)
	at org.apache.coyote.AbstractProtocol$AbstractConnectionHandler.process(AbstractProtocol.java:589)
	at org.apache.tomcat.util.net.JIoEndpoint$SocketProcessor.run(JIoEndpoint.java:312)
	at java.util.concurrent.ThreadPoolExecutor.runWorker(ThreadPoolExecutor.java:1145)
	at java.util.concurrent.ThreadPoolExecutor$Worker.run(ThreadPoolExecutor.java:615)
	at java.lang.Thread.run(Thread.java:745)
17:46:52,558 ERROR [org.alfresco.repo.node.integrity.IntegrityChecker] Found 2 integrity violations:
The association target multiplicity has been violated: 
   Source Node: workspace://SpacesStore/e0fd946b-924e-4297-b618-64e28b004587
   Association: Association[ class=ClassDef[name={http://www.someco.com/automodel/1.0}autoDealOperation], name={http://www.someco.com/automodel/1.0}seller, target class={http://www.alfresco.org/model/content/1.0}person, source role=null, target role=null]
   Required target Multiplicity: 1..1
   Actual target Multiplicity: 0
The association target multiplicity has been violated: 
   Source Node: workspace://SpacesStore/e0fd946b-924e-4297-b618-64e28b004587
   Association: Association[ class=ClassDef[name={http://www.someco.com/automodel/1.0}autoDealOperation], name={http://www.someco.com/automodel/1.0}customer, target class={http://www.alfresco.org/model/content/1.0}person, source role=null, target role=null]
   Required target Multiplicity: 1..1
   Actual target Multiplicity: 0
17:46:52,610 ERROR [org.springframework.extensions.webscripts.AbstractRuntime] Exception from executeScript - redirecting to status template error: 01250037 Found 2 integrity violations:
The association target multiplicity has been violated: 
   Source Node: workspace://SpacesStore/e0fd946b-924e-4297-b618-64e28b004587
   Association: Association[ class=ClassDef[name={http://www.someco.com/automodel/1.0}autoDealOperation], name={http://www.someco.com/automodel/1.0}seller, target class={http://www.alfresco.org/model/content/1.0}person, source role=null, target role=null]
   Required target Multiplicity: 1..1
   Actual target Multiplicity: 0
The association target multiplicity has been violated: 
   Source Node: workspace://SpacesStore/e0fd946b-924e-4297-b618-64e28b004587
   Association: Association[ class=ClassDef[name={http://www.someco.com/automodel/1.0}autoDealOperation], name={http://www.someco.com/automodel/1.0}customer, target class={http://www.alfresco.org/model/content/1.0}person, source role=null, target role=null]
   Required target Multiplicity: 1..1
   Actual target Multiplicity: 0
org.alfresco.repo.node.integrity.IntegrityException: 01250037 Found 2 integrity violations:
The association target multiplicity has been violated: 
   Source Node: workspace://SpacesStore/e0fd946b-924e-4297-b618-64e28b004587
   Association: Association[ class=ClassDef[name={http://www.someco.com/automodel/1.0}autoDealOperation], name={http://www.someco.com/automodel/1.0}seller, target class={http://www.alfresco.org/model/content/1.0}person, source role=null, target role=null]
   Required target Multiplicity: 1..1
   Actual target Multiplicity: 0
The association target multiplicity has been violated: 
   Source Node: workspace://SpacesStore/e0fd946b-924e-4297-b618-64e28b004587
   Association: Association[ class=ClassDef[name={http://www.someco.com/automodel/1.0}autoDealOperation], name={http://www.someco.com/automodel/1.0}customer, target class={http://www.alfresco.org/model/content/1.0}person, source role=null, target role=null]
   Required target Multiplicity: 1..1
   Actual target Multiplicity: 0
	at org.alfresco.repo.node.integrity.IntegrityChecker.checkIntegrity(IntegrityChecker.java:661)
	at org.alfresco.repo.transaction.AlfrescoTransactionSupport$TransactionSynchronizationImpl.beforeCommit(AlfrescoTransactionSupport.java:688)
	at org.springframework.transaction.support.TransactionSynchronizationUtils.triggerBeforeCommit(TransactionSynchronizationUtils.java:95)
	at org.springframework.transaction.support.AbstractPlatformTransactionManager.triggerBeforeCommit(AbstractPlatformTransactionManager.java:927)
	at org.springframework.transaction.support.AbstractPlatformTransactionManager.processCommit(AbstractPlatformTransactionManager.java:737)
	at org.springframework.transaction.support.AbstractPlatformTransactionManager.commit(AbstractPlatformTransactionManager.java:723)
	at org.springframework.transaction.interceptor.TransactionAspectSupport.commitTransactionAfterReturning(TransactionAspectSupport.java:393)
	at org.alfresco.util.transaction.SpringAwareUserTransaction.commit(SpringAwareUserTransaction.java:472)
	at org.alfresco.repo.transaction.RetryingTransactionHelper.doInTransaction(RetryingTransactionHelper.java:474)
	at org.alfresco.repo.web.scripts.RepositoryContainer.transactionedExecute(RepositoryContainer.java:491)
	at org.alfresco.repo.web.scripts.RepositoryContainer.transactionedExecuteAs(RepositoryContainer.java:529)
	at org.alfresco.repo.web.scripts.RepositoryContainer.executeScript(RepositoryContainer.java:341)
	at org.springframework.extensions.webscripts.AbstractRuntime.executeScript(AbstractRuntime.java:378)
	at org.springframework.extensions.webscripts.AbstractRuntime.executeScript(AbstractRuntime.java:209)
	at org.springframework.extensions.webscripts.servlet.WebScriptServlet.service(WebScriptServlet.java:132)
	at javax.servlet.http.HttpServlet.service(HttpServlet.java:728)
	at org.apache.catalina.core.ApplicationFilterChain.internalDoFilter(ApplicationFilterChain.java:305)
	at org.apache.catalina.core.ApplicationFilterChain.doFilter(ApplicationFilterChain.java:210)
	at org.alfresco.web.app.servlet.GlobalLocalizationFilter.doFilter(GlobalLocalizationFilter.java:61)
	at org.apache.catalina.core.ApplicationFilterChain.internalDoFilter(ApplicationFilterChain.java:243)
	at org.apache.catalina.core.ApplicationFilterChain.doFilter(ApplicationFilterChain.java:210)
	at org.apache.catalina.core.StandardWrapperValve.invoke(StandardWrapperValve.java:222)
	at org.apache.catalina.core.StandardContextValve.invoke(StandardContextValve.java:123)
	at org.apache.catalina.authenticator.AuthenticatorBase.invoke(AuthenticatorBase.java:472)
	at org.apache.catalina.core.StandardHostValve.invoke(StandardHostValve.java:171)
	at org.apache.catalina.valves.ErrorReportValve.invoke(ErrorReportValve.java:99)
	at org.apache.catalina.valves.AccessLogValve.invoke(AccessLogValve.java:936)
	at org.apache.catalina.core.StandardEngineValve.invoke(StandardEngineValve.java:118)
	at org.apache.catalina.connector.CoyoteAdapter.service(CoyoteAdapter.java:407)
	at org.apache.coyote.http11.AbstractHttp11Processor.process(AbstractHttp11Processor.java:1004)
	at org.apache.coyote.AbstractProtocol$AbstractConnectionHandler.process(AbstractProtocol.java:589)
	at org.apache.tomcat.util.net.JIoEndpoint$SocketProcessor.run(JIoEndpoint.java:310)
	at java.util.concurrent.ThreadPoolExecutor.runWorker(ThreadPoolExecutor.java:1145)
	at java.util.concurrent.ThreadPoolExecutor$Worker.run(ThreadPoolExecutor.java:615)
	at java.lang.Thread.run(Thread.java:745)
18:05:32,389 WARN  [org.apache.myfaces.shared_impl.renderkit.html.HtmlImageRendererBase] ALT attribute is missing for : _idJsp6
18:05:34,213 WARN  [org.apache.myfaces.shared_impl.renderkit.html.HtmlImageRendererBase] ALT attribute is missing for : _idJsp16
18:05:34,215 WARN  [org.apache.myfaces.shared_impl.renderkit.html.HtmlImageRendererBase] ALT attribute is missing for : _idJsp20
18:05:34,216 WARN  [org.apache.myfaces.shared_impl.renderkit.html.HtmlImageRendererBase] ALT attribute is missing for : _idJsp24
18:05:34,216 WARN  [org.apache.myfaces.shared_impl.renderkit.html.HtmlImageRendererBase] ALT attribute is missing for : _idJsp29
18:05:34,217 WARN  [org.apache.myfaces.shared_impl.renderkit.html.HtmlImageRendererBase] ALT attribute is missing for : _idJsp33
18:05:34,218 WARN  [org.apache.myfaces.shared_impl.renderkit.html.HtmlImageRendererBase] ALT attribute is missing for : _idJsp40
18:05:34,219 WARN  [org.apache.myfaces.shared_impl.renderkit.html.HtmlImageRendererBase] ALT attribute is missing for : _idJsp47
18:05:35,874 WARN  [org.apache.myfaces.shared_impl.renderkit.html.HtmlImageRendererBase] ALT attribute is missing for : space-logo
18:05:35,875 WARN  [org.apache.myfaces.shared_impl.renderkit.html.HtmlImageRendererBase] ALT attribute is missing for : img-rule
18:05:35,900 WARN  [org.apache.myfaces.shared_impl.renderkit.html.HtmlImageRendererBase] ALT attribute is missing for : col2-img
18:05:35,906 WARN  [org.apache.myfaces.shared_impl.renderkit.html.HtmlImageRendererBase] ALT attribute is missing for : col2-img
18:05:35,910 WARN  [org.apache.myfaces.shared_impl.renderkit.html.HtmlImageRendererBase] ALT attribute is missing for : col2-img
18:05:35,914 WARN  [org.apache.myfaces.shared_impl.renderkit.html.HtmlImageRendererBase] ALT attribute is missing for : col2-img
18:05:35,917 WARN  [org.apache.myfaces.shared_impl.renderkit.html.HtmlImageRendererBase] ALT attribute is missing for : col2-img
18:05:35,919 WARN  [org.apache.myfaces.shared_impl.renderkit.html.HtmlImageRendererBase] ALT attribute is missing for : col2-img
18:05:35,930 WARN  [org.apache.myfaces.shared_impl.renderkit.html.HtmlImageRendererBase] ALT attribute is missing for : col2-img
18:05:35,934 WARN  [org.apache.myfaces.shared_impl.renderkit.html.HtmlImageRendererBase] ALT attribute is missing for : col2-img
18:05:37,135 WARN  [org.apache.myfaces.shared_impl.renderkit.html.HtmlImageRendererBase] ALT attribute is missing for : space-logo
18:05:37,137 WARN  [org.apache.myfaces.shared_impl.renderkit.html.HtmlImageRendererBase] ALT attribute is missing for : img-rule
18:05:37,167 WARN  [org.apache.myfaces.shared_impl.renderkit.html.HtmlImageRendererBase] ALT attribute is missing for : col11-img
18:05:37,176 WARN  [org.apache.myfaces.shared_impl.renderkit.html.HtmlImageRendererBase] ALT attribute is missing for : col11-img
18:05:37,182 WARN  [org.apache.myfaces.shared_impl.renderkit.html.HtmlImageRendererBase] ALT attribute is missing for : col11-img
18:05:37,204 WARN  [org.apache.myfaces.shared_impl.renderkit.html.HtmlImageRendererBase] ALT attribute is missing for : col11-img
18:05:37,209 WARN  [org.apache.myfaces.shared_impl.renderkit.html.HtmlImageRendererBase] ALT attribute is missing for : col11-img
18:05:37,213 WARN  [org.apache.myfaces.shared_impl.renderkit.html.HtmlImageRendererBase] ALT attribute is missing for : col11-img
18:05:37,218 WARN  [org.apache.myfaces.shared_impl.renderkit.html.HtmlImageRendererBase] ALT attribute is missing for : col11-img
18:05:37,223 WARN  [org.apache.myfaces.shared_impl.renderkit.html.HtmlImageRendererBase] ALT attribute is missing for : col11-img
18:05:37,229 WARN  [org.apache.myfaces.shared_impl.renderkit.html.HtmlImageRendererBase] ALT attribute is missing for : col11-img
18:05:38,856 WARN  [org.apache.myfaces.shared_impl.renderkit.html.HtmlImageRendererBase] ALT attribute is missing for : dialog-logo
18:05:42,812 WARN  [org.apache.myfaces.shared_impl.renderkit.html.HtmlImageRendererBase] ALT attribute is missing for : space-logo
18:05:42,813 WARN  [org.apache.myfaces.shared_impl.renderkit.html.HtmlImageRendererBase] ALT attribute is missing for : img-rule
18:05:42,852 WARN  [org.apache.myfaces.shared_impl.renderkit.html.HtmlImageRendererBase] ALT attribute is missing for : col11-img
18:05:42,861 WARN  [org.apache.myfaces.shared_impl.renderkit.html.HtmlImageRendererBase] ALT attribute is missing for : col11-img
18:05:42,866 WARN  [org.apache.myfaces.shared_impl.renderkit.html.HtmlImageRendererBase] ALT attribute is missing for : col11-img
18:05:42,872 WARN  [org.apache.myfaces.shared_impl.renderkit.html.HtmlImageRendererBase] ALT attribute is missing for : col11-img
18:05:42,878 WARN  [org.apache.myfaces.shared_impl.renderkit.html.HtmlImageRendererBase] ALT attribute is missing for : col11-img
18:05:42,885 WARN  [org.apache.myfaces.shared_impl.renderkit.html.HtmlImageRendererBase] ALT attribute is missing for : col11-img
18:05:42,890 WARN  [org.apache.myfaces.shared_impl.renderkit.html.HtmlImageRendererBase] ALT attribute is missing for : col11-img
18:05:42,896 WARN  [org.apache.myfaces.shared_impl.renderkit.html.HtmlImageRendererBase] ALT attribute is missing for : col11-img
18:05:42,901 WARN  [org.apache.myfaces.shared_impl.renderkit.html.HtmlImageRendererBase] ALT attribute is missing for : col11-img
18:05:44,545 WARN  [org.apache.myfaces.shared_impl.renderkit.html.HtmlImageRendererBase] ALT attribute is missing for : dialog-logo
18:05:46,778 WARN  [org.apache.myfaces.shared_impl.renderkit.html.HtmlImageRendererBase] ALT attribute is missing for : space-logo
18:05:46,780 WARN  [org.apache.myfaces.shared_impl.renderkit.html.HtmlImageRendererBase] ALT attribute is missing for : img-rule
18:05:46,813 WARN  [org.apache.myfaces.shared_impl.renderkit.html.HtmlImageRendererBase] ALT attribute is missing for : col11-img
18:05:46,820 WARN  [org.apache.myfaces.shared_impl.renderkit.html.HtmlImageRendererBase] ALT attribute is missing for : col11-img
18:05:46,825 WARN  [org.apache.myfaces.shared_impl.renderkit.html.HtmlImageRendererBase] ALT attribute is missing for : col11-img
18:05:46,830 WARN  [org.apache.myfaces.shared_impl.renderkit.html.HtmlImageRendererBase] ALT attribute is missing for : col11-img
18:05:46,835 WARN  [org.apache.myfaces.shared_impl.renderkit.html.HtmlImageRendererBase] ALT attribute is missing for : col11-img
18:05:46,840 WARN  [org.apache.myfaces.shared_impl.renderkit.html.HtmlImageRendererBase] ALT attribute is missing for : col11-img
18:05:46,847 WARN  [org.apache.myfaces.shared_impl.renderkit.html.HtmlImageRendererBase] ALT attribute is missing for : col11-img
18:05:46,853 WARN  [org.apache.myfaces.shared_impl.renderkit.html.HtmlImageRendererBase] ALT attribute is missing for : col11-img
18:05:46,861 WARN  [org.apache.myfaces.shared_impl.renderkit.html.HtmlImageRendererBase] ALT attribute is missing for : col11-img
18:05:48,247 WARN  [org.apache.myfaces.shared_impl.renderkit.html.HtmlImageRendererBase] ALT attribute is missing for : dialog-logo
18:05:49,852 WARN  [org.apache.myfaces.shared_impl.renderkit.html.HtmlImageRendererBase] ALT attribute is missing for : space-logo
18:05:49,853 WARN  [org.apache.myfaces.shared_impl.renderkit.html.HtmlImageRendererBase] ALT attribute is missing for : img-rule
18:05:49,879 WARN  [org.apache.myfaces.shared_impl.renderkit.html.HtmlImageRendererBase] ALT attribute is missing for : col11-img
18:05:49,888 WARN  [org.apache.myfaces.shared_impl.renderkit.html.HtmlImageRendererBase] ALT attribute is missing for : col11-img
18:05:49,895 WARN  [org.apache.myfaces.shared_impl.renderkit.html.HtmlImageRendererBase] ALT attribute is missing for : col11-img
18:05:49,900 WARN  [org.apache.myfaces.shared_impl.renderkit.html.HtmlImageRendererBase] ALT attribute is missing for : col11-img
18:05:49,906 WARN  [org.apache.myfaces.shared_impl.renderkit.html.HtmlImageRendererBase] ALT attribute is missing for : col11-img
18:05:49,912 WARN  [org.apache.myfaces.shared_impl.renderkit.html.HtmlImageRendererBase] ALT attribute is missing for : col11-img
18:05:49,918 WARN  [org.apache.myfaces.shared_impl.renderkit.html.HtmlImageRendererBase] ALT attribute is missing for : col11-img
18:05:49,924 WARN  [org.apache.myfaces.shared_impl.renderkit.html.HtmlImageRendererBase] ALT attribute is missing for : col11-img
18:05:49,935 WARN  [org.apache.myfaces.shared_impl.renderkit.html.HtmlImageRendererBase] ALT attribute is missing for : col11-img
18:05:50,849 WARN  [org.apache.myfaces.shared_impl.renderkit.html.HtmlImageRendererBase] ALT attribute is missing for : dialog-logo
18:05:52,889 WARN  [org.apache.myfaces.shared_impl.renderkit.html.HtmlImageRendererBase] ALT attribute is missing for : space-logo
18:05:52,890 WARN  [org.apache.myfaces.shared_impl.renderkit.html.HtmlImageRendererBase] ALT attribute is missing for : img-rule
18:05:52,916 WARN  [org.apache.myfaces.shared_impl.renderkit.html.HtmlImageRendererBase] ALT attribute is missing for : col11-img
18:05:52,927 WARN  [org.apache.myfaces.shared_impl.renderkit.html.HtmlImageRendererBase] ALT attribute is missing for : col11-img
18:05:52,933 WARN  [org.apache.myfaces.shared_impl.renderkit.html.HtmlImageRendererBase] ALT attribute is missing for : col11-img
18:05:52,939 WARN  [org.apache.myfaces.shared_impl.renderkit.html.HtmlImageRendererBase] ALT attribute is missing for : col11-img
18:05:52,946 WARN  [org.apache.myfaces.shared_impl.renderkit.html.HtmlImageRendererBase] ALT attribute is missing for : col11-img
18:05:52,952 WARN  [org.apache.myfaces.shared_impl.renderkit.html.HtmlImageRendererBase] ALT attribute is missing for : col11-img
18:05:52,959 WARN  [org.apache.myfaces.shared_impl.renderkit.html.HtmlImageRendererBase] ALT attribute is missing for : col11-img
18:05:52,966 WARN  [org.apache.myfaces.shared_impl.renderkit.html.HtmlImageRendererBase] ALT attribute is missing for : col11-img
18:05:52,973 WARN  [org.apache.myfaces.shared_impl.renderkit.html.HtmlImageRendererBase] ALT attribute is missing for : col11-img
18:05:54,135 WARN  [org.apache.myfaces.shared_impl.renderkit.html.HtmlImageRendererBase] ALT attribute is missing for : dialog-logo
18:05:56,083 WARN  [org.apache.myfaces.shared_impl.renderkit.html.HtmlImageRendererBase] ALT attribute is missing for : space-logo
18:05:56,084 WARN  [org.apache.myfaces.shared_impl.renderkit.html.HtmlImageRendererBase] ALT attribute is missing for : img-rule
18:05:56,112 WARN  [org.apache.myfaces.shared_impl.renderkit.html.HtmlImageRendererBase] ALT attribute is missing for : col11-img
18:05:56,120 WARN  [org.apache.myfaces.shared_impl.renderkit.html.HtmlImageRendererBase] ALT attribute is missing for : col11-img
18:05:56,129 WARN  [org.apache.myfaces.shared_impl.renderkit.html.HtmlImageRendererBase] ALT attribute is missing for : col11-img
18:05:56,136 WARN  [org.apache.myfaces.shared_impl.renderkit.html.HtmlImageRendererBase] ALT attribute is missing for : col11-img
18:05:56,146 WARN  [org.apache.myfaces.shared_impl.renderkit.html.HtmlImageRendererBase] ALT attribute is missing for : col11-img
18:05:56,152 WARN  [org.apache.myfaces.shared_impl.renderkit.html.HtmlImageRendererBase] ALT attribute is missing for : col11-img
18:05:56,158 WARN  [org.apache.myfaces.shared_impl.renderkit.html.HtmlImageRendererBase] ALT attribute is missing for : col11-img
18:05:56,162 WARN  [org.apache.myfaces.shared_impl.renderkit.html.HtmlImageRendererBase] ALT attribute is missing for : col11-img
18:05:56,168 WARN  [org.apache.myfaces.shared_impl.renderkit.html.HtmlImageRendererBase] ALT attribute is missing for : col11-img
18:05:57,897 WARN  [org.apache.myfaces.shared_impl.renderkit.html.HtmlImageRendererBase] ALT attribute is missing for : dialog-logo
18:05:59,366 WARN  [org.apache.myfaces.shared_impl.renderkit.html.HtmlImageRendererBase] ALT attribute is missing for : space-logo
18:05:59,367 WARN  [org.apache.myfaces.shared_impl.renderkit.html.HtmlImageRendererBase] ALT attribute is missing for : img-rule
18:05:59,398 WARN  [org.apache.myfaces.shared_impl.renderkit.html.HtmlImageRendererBase] ALT attribute is missing for : col11-img
18:05:59,409 WARN  [org.apache.myfaces.shared_impl.renderkit.html.HtmlImageRendererBase] ALT attribute is missing for : col11-img
18:05:59,415 WARN  [org.apache.myfaces.shared_impl.renderkit.html.HtmlImageRendererBase] ALT attribute is missing for : col11-img
18:05:59,420 WARN  [org.apache.myfaces.shared_impl.renderkit.html.HtmlImageRendererBase] ALT attribute is missing for : col11-img
18:05:59,425 WARN  [org.apache.myfaces.shared_impl.renderkit.html.HtmlImageRendererBase] ALT attribute is missing for : col11-img
18:05:59,433 WARN  [org.apache.myfaces.shared_impl.renderkit.html.HtmlImageRendererBase] ALT attribute is missing for : col11-img
18:05:59,441 WARN  [org.apache.myfaces.shared_impl.renderkit.html.HtmlImageRendererBase] ALT attribute is missing for : col11-img
18:05:59,447 WARN  [org.apache.myfaces.shared_impl.renderkit.html.HtmlImageRendererBase] ALT attribute is missing for : col11-img
18:05:59,455 WARN  [org.apache.myfaces.shared_impl.renderkit.html.HtmlImageRendererBase] ALT attribute is missing for : col11-img
18:06:00,882 WARN  [org.apache.myfaces.shared_impl.renderkit.html.HtmlImageRendererBase] ALT attribute is missing for : dialog-logo
18:06:03,073 WARN  [org.apache.myfaces.shared_impl.renderkit.html.HtmlImageRendererBase] ALT attribute is missing for : space-logo
18:06:03,073 WARN  [org.apache.myfaces.shared_impl.renderkit.html.HtmlImageRendererBase] ALT attribute is missing for : img-rule
18:06:03,095 WARN  [org.apache.myfaces.shared_impl.renderkit.html.HtmlImageRendererBase] ALT attribute is missing for : col11-img
18:06:03,106 WARN  [org.apache.myfaces.shared_impl.renderkit.html.HtmlImageRendererBase] ALT attribute is missing for : col11-img
18:06:03,111 WARN  [org.apache.myfaces.shared_impl.renderkit.html.HtmlImageRendererBase] ALT attribute is missing for : col11-img
18:06:03,116 WARN  [org.apache.myfaces.shared_impl.renderkit.html.HtmlImageRendererBase] ALT attribute is missing for : col11-img
18:06:03,122 WARN  [org.apache.myfaces.shared_impl.renderkit.html.HtmlImageRendererBase] ALT attribute is missing for : col11-img
18:06:03,128 WARN  [org.apache.myfaces.shared_impl.renderkit.html.HtmlImageRendererBase] ALT attribute is missing for : col11-img
18:06:03,132 WARN  [org.apache.myfaces.shared_impl.renderkit.html.HtmlImageRendererBase] ALT attribute is missing for : col11-img
18:06:03,137 WARN  [org.apache.myfaces.shared_impl.renderkit.html.HtmlImageRendererBase] ALT attribute is missing for : col11-img
18:06:03,141 WARN  [org.apache.myfaces.shared_impl.renderkit.html.HtmlImageRendererBase] ALT attribute is missing for : col11-img
18:06:04,634 WARN  [org.apache.myfaces.shared_impl.renderkit.html.HtmlImageRendererBase] ALT attribute is missing for : dialog-logo
18:06:06,580 WARN  [org.apache.myfaces.shared_impl.renderkit.html.HtmlImageRendererBase] ALT attribute is missing for : space-logo
18:06:06,581 WARN  [org.apache.myfaces.shared_impl.renderkit.html.HtmlImageRendererBase] ALT attribute is missing for : img-rule
18:06:06,601 WARN  [org.apache.myfaces.shared_impl.renderkit.html.HtmlImageRendererBase] ALT attribute is missing for : col11-img
18:06:06,609 WARN  [org.apache.myfaces.shared_impl.renderkit.html.HtmlImageRendererBase] ALT attribute is missing for : col11-img
18:06:06,614 WARN  [org.apache.myfaces.shared_impl.renderkit.html.HtmlImageRendererBase] ALT attribute is missing for : col11-img
18:06:06,618 WARN  [org.apache.myfaces.shared_impl.renderkit.html.HtmlImageRendererBase] ALT attribute is missing for : col11-img
18:06:06,624 WARN  [org.apache.myfaces.shared_impl.renderkit.html.HtmlImageRendererBase] ALT attribute is missing for : col11-img
18:06:06,629 WARN  [org.apache.myfaces.shared_impl.renderkit.html.HtmlImageRendererBase] ALT attribute is missing for : col11-img
18:06:06,634 WARN  [org.apache.myfaces.shared_impl.renderkit.html.HtmlImageRendererBase] ALT attribute is missing for : col11-img
18:06:06,638 WARN  [org.apache.myfaces.shared_impl.renderkit.html.HtmlImageRendererBase] ALT attribute is missing for : col11-img
18:06:06,645 WARN  [org.apache.myfaces.shared_impl.renderkit.html.HtmlImageRendererBase] ALT attribute is missing for : col11-img
18:06:07,759 WARN  [org.apache.myfaces.shared_impl.renderkit.html.HtmlImageRendererBase] ALT attribute is missing for : dialog-logo
18:06:09,553 WARN  [org.apache.myfaces.shared_impl.renderkit.html.HtmlImageRendererBase] ALT attribute is missing for : space-logo
18:06:09,554 WARN  [org.apache.myfaces.shared_impl.renderkit.html.HtmlImageRendererBase] ALT attribute is missing for : img-rule
18:06:09,574 WARN  [org.apache.myfaces.shared_impl.renderkit.html.HtmlImageRendererBase] ALT attribute is missing for : col11-img
18:06:09,582 WARN  [org.apache.myfaces.shared_impl.renderkit.html.HtmlImageRendererBase] ALT attribute is missing for : col11-img
18:06:09,587 WARN  [org.apache.myfaces.shared_impl.renderkit.html.HtmlImageRendererBase] ALT attribute is missing for : col11-img
18:06:09,593 WARN  [org.apache.myfaces.shared_impl.renderkit.html.HtmlImageRendererBase] ALT attribute is missing for : col11-img
18:06:09,599 WARN  [org.apache.myfaces.shared_impl.renderkit.html.HtmlImageRendererBase] ALT attribute is missing for : col11-img
18:06:09,605 WARN  [org.apache.myfaces.shared_impl.renderkit.html.HtmlImageRendererBase] ALT attribute is missing for : col11-img
18:06:09,611 WARN  [org.apache.myfaces.shared_impl.renderkit.html.HtmlImageRendererBase] ALT attribute is missing for : col11-img
18:06:09,618 WARN  [org.apache.myfaces.shared_impl.renderkit.html.HtmlImageRendererBase] ALT attribute is missing for : col11-img
18:06:10,570 WARN  [org.apache.myfaces.shared_impl.renderkit.html.HtmlImageRendererBase] ALT attribute is missing for : dialog-logo
18:06:17,301 WARN  [org.apache.myfaces.shared_impl.renderkit.html.HtmlImageRendererBase] ALT attribute is missing for : dialog-logo
18:06:18,872 WARN  [org.apache.myfaces.shared_impl.renderkit.html.HtmlImageRendererBase] ALT attribute is missing for : space-logo
18:06:18,873 WARN  [org.apache.myfaces.shared_impl.renderkit.html.HtmlImageRendererBase] ALT attribute is missing for : img-rule
18:06:18,898 WARN  [org.apache.myfaces.shared_impl.renderkit.html.HtmlImageRendererBase] ALT attribute is missing for : col11-img
18:06:18,906 WARN  [org.apache.myfaces.shared_impl.renderkit.html.HtmlImageRendererBase] ALT attribute is missing for : col11-img
18:06:18,913 WARN  [org.apache.myfaces.shared_impl.renderkit.html.HtmlImageRendererBase] ALT attribute is missing for : col11-img
18:06:18,919 WARN  [org.apache.myfaces.shared_impl.renderkit.html.HtmlImageRendererBase] ALT attribute is missing for : col11-img
18:06:18,925 WARN  [org.apache.myfaces.shared_impl.renderkit.html.HtmlImageRendererBase] ALT attribute is missing for : col11-img
18:06:18,931 WARN  [org.apache.myfaces.shared_impl.renderkit.html.HtmlImageRendererBase] ALT attribute is missing for : col11-img
18:06:18,936 WARN  [org.apache.myfaces.shared_impl.renderkit.html.HtmlImageRendererBase] ALT attribute is missing for : col11-img
18:06:20,141 WARN  [org.apache.myfaces.shared_impl.renderkit.html.HtmlImageRendererBase] ALT attribute is missing for : dialog-logo
18:06:22,011 WARN  [org.apache.myfaces.shared_impl.renderkit.html.HtmlImageRendererBase] ALT attribute is missing for : space-logo
18:06:22,012 WARN  [org.apache.myfaces.shared_impl.renderkit.html.HtmlImageRendererBase] ALT attribute is missing for : img-rule
18:06:22,034 WARN  [org.apache.myfaces.shared_impl.renderkit.html.HtmlImageRendererBase] ALT attribute is missing for : col11-img
18:06:22,040 WARN  [org.apache.myfaces.shared_impl.renderkit.html.HtmlImageRendererBase] ALT attribute is missing for : col11-img
18:06:22,045 WARN  [org.apache.myfaces.shared_impl.renderkit.html.HtmlImageRendererBase] ALT attribute is missing for : col11-img
18:06:22,051 WARN  [org.apache.myfaces.shared_impl.renderkit.html.HtmlImageRendererBase] ALT attribute is missing for : col11-img
18:06:22,063 WARN  [org.apache.myfaces.shared_impl.renderkit.html.HtmlImageRendererBase] ALT attribute is missing for : col11-img
18:06:22,070 WARN  [org.apache.myfaces.shared_impl.renderkit.html.HtmlImageRendererBase] ALT attribute is missing for : col11-img
18:06:23,174 WARN  [org.apache.myfaces.shared_impl.renderkit.html.HtmlImageRendererBase] ALT attribute is missing for : dialog-logo
18:06:25,143 WARN  [org.apache.myfaces.shared_impl.renderkit.html.HtmlImageRendererBase] ALT attribute is missing for : space-logo
18:06:25,144 WARN  [org.apache.myfaces.shared_impl.renderkit.html.HtmlImageRendererBase] ALT attribute is missing for : img-rule
18:06:25,165 WARN  [org.apache.myfaces.shared_impl.renderkit.html.HtmlImageRendererBase] ALT attribute is missing for : col11-img
18:06:25,174 WARN  [org.apache.myfaces.shared_impl.renderkit.html.HtmlImageRendererBase] ALT attribute is missing for : col11-img
18:06:25,180 WARN  [org.apache.myfaces.shared_impl.renderkit.html.HtmlImageRendererBase] ALT attribute is missing for : col11-img
18:06:25,187 WARN  [org.apache.myfaces.shared_impl.renderkit.html.HtmlImageRendererBase] ALT attribute is missing for : col11-img
18:06:25,192 WARN  [org.apache.myfaces.shared_impl.renderkit.html.HtmlImageRendererBase] ALT attribute is missing for : col11-img
18:06:26,503 WARN  [org.apache.myfaces.shared_impl.renderkit.html.HtmlImageRendererBase] ALT attribute is missing for : dialog-logo
18:06:28,213 WARN  [org.apache.myfaces.shared_impl.renderkit.html.HtmlImageRendererBase] ALT attribute is missing for : space-logo
18:06:28,215 WARN  [org.apache.myfaces.shared_impl.renderkit.html.HtmlImageRendererBase] ALT attribute is missing for : img-rule
18:06:28,242 WARN  [org.apache.myfaces.shared_impl.renderkit.html.HtmlImageRendererBase] ALT attribute is missing for : col11-img
18:06:28,253 WARN  [org.apache.myfaces.shared_impl.renderkit.html.HtmlImageRendererBase] ALT attribute is missing for : col11-img
18:06:28,258 WARN  [org.apache.myfaces.shared_impl.renderkit.html.HtmlImageRendererBase] ALT attribute is missing for : col11-img
18:06:28,266 WARN  [org.apache.myfaces.shared_impl.renderkit.html.HtmlImageRendererBase] ALT attribute is missing for : col11-img
18:06:29,980 WARN  [org.apache.myfaces.shared_impl.renderkit.html.HtmlImageRendererBase] ALT attribute is missing for : dialog-logo
18:06:32,049 WARN  [org.apache.myfaces.shared_impl.renderkit.html.HtmlImageRendererBase] ALT attribute is missing for : space-logo
18:06:32,050 WARN  [org.apache.myfaces.shared_impl.renderkit.html.HtmlImageRendererBase] ALT attribute is missing for : img-rule
18:06:32,069 WARN  [org.apache.myfaces.shared_impl.renderkit.html.HtmlImageRendererBase] ALT attribute is missing for : col11-img
18:06:32,079 WARN  [org.apache.myfaces.shared_impl.renderkit.html.HtmlImageRendererBase] ALT attribute is missing for : col11-img
18:06:32,086 WARN  [org.apache.myfaces.shared_impl.renderkit.html.HtmlImageRendererBase] ALT attribute is missing for : col11-img
